SF:D:\max\Code\Poker\PokerLib\Card.cs
FN:12,Poker.Suite Poker.Card::get_Suite()
FNDA:14973485,Poker.Suite Poker.Card::get_Suite()
DA:13,14973485
FN:14,Poker.Rank Poker.Card::get_Rank()
FNDA:40968406,Poker.Rank Poker.Card::get_Rank()
DA:15,40968406
FN:7,System.Void Poker.Card::.ctor(Poker.Suite,Poker.Rank)
FNDA:10659108,System.Void Poker.Card::.ctor(Poker.Suite,Poker.Rank)
DA:8,10659108
DA:9,10659108
DA:10,10659108
DA:11,10659108
DA:12,10659108
LF:7
LH:7
BRF:0
BRH:0
FNF:3
FNH:3
end_of_record
SF:D:\max\Code\Poker\PokerLib\Dealer.cs
FN:23,System.Void Poker.Dealer::Shuffle()
FNDA:9698,System.Void Poker.Dealer::Shuffle()
DA:24,9698
DA:25,9698
DA:26,9698
DA:27,9698
DA:28,1037686
DA:29,504296
DA:30,504296
DA:32,2279521
DA:33,2279521
DA:34,2279521
DA:35,504296
DA:36,504296
DA:37,504296
DA:38,504296
DA:39,504296
DA:40,4559042
DA:41,504296
DA:42,9698
DA:43,9698
BRDA:28,114,1,504296
BRDA:40,100,1,2279521
BRDA:34,71,0,504296
BRDA:34,71,1,2279521
BRDA:40,100,0,504296
BRDA:28,114,0,9698
FN:45,System.Void Poker.Dealer::Restore(Poker.IPlayer[])
FNDA:64604,System.Void Poker.Dealer::Restore(Poker.IPlayer[])
DA:46,64604
DA:47,3184112
DA:48,749852
DA:49,278020
DA:50,1668120
DA:51,1428245
DA:52,278020
DA:53,278020
DA:54,278020
DA:55,64604
BRDA:48,237,1,278020
BRDA:48,237,0,64604
FN:57,System.Void Poker.Dealer::DealHands(Poker.IPlayer[])
FNDA:9596,System.Void Poker.Dealer::DealHands(Poker.IPlayer[])
DA:58,9596
DA:59,115152
DA:60,47980
DA:61,623740
DA:62,239900
DA:63,239900
DA:64,239900
DA:65,47980
DA:66,9596
BRDA:59,61,1,47980
BRDA:61,46,1,239900
BRDA:61,46,0,47980
BRDA:59,61,0,9596
FN:68,Poker.ICard[] Poker.Dealer::DealTopCards(System.Int32)
FNDA:287886,Poker.ICard[] Poker.Dealer::DealTopCards(System.Int32)
DA:69,287886
DA:70,287886
DA:71,1055684
DA:72,239956
DA:73,239956
DA:74,239956
DA:75,9838103
DA:76,239956
DA:77,287886
DA:78,287886
BRDA:71,118,1,239956
BRDA:71,118,0,287886
FN:9,System.Void Poker.Dealer::.ctor()
FNDA:155613,System.Void Poker.Dealer::.ctor()
DA:10,155613
DA:11,155613
DA:12,155613
DA:13,155613
DA:14,1556130
DA:15,622452
DA:16,17428656
DA:17,8091876
DA:18,8091876
DA:19,8091876
DA:20,8091876
DA:21,622452
DA:22,155613
BRDA:14,79,1,622452
BRDA:16,64,1,8091876
BRDA:16,64,0,622452
BRDA:14,79,0,155613
LF:61
LH:61
BRF:18
BRH:18
FNF:5
FNH:5
end_of_record
SF:D:\max\Code\Poker\PokerLib\Player.cs
FN:8,System.String Poker.Player::get_Name()
FNDA:967197,System.String Poker.Player::get_Name()
DA:9,967197
FN:10,Poker.ICard[] Poker.Player::get_Hand()
FNDA:23042698,Poker.ICard[] Poker.Player::get_Hand()
DA:11,23042698
FN:12,Poker.HandType Poker.Player::get_HandType()
FNDA:1091451,Poker.HandType Poker.Player::get_HandType()
DA:13,1091451
FN:14,System.Int32 Poker.Player::get_Wins()
FNDA:644025,System.Int32 Poker.Player::get_Wins()
DA:15,644025
FN:16,Poker.ICard[] Poker.Player::get_Discard()
FNDA:1232609,Poker.ICard[] Poker.Player::get_Discard()
DA:17,1232609
FN:27,System.Void Poker.Player::DiscardCards()
FNDA:47976,System.Void Poker.Player::DiscardCards()
DA:28,47976
DA:29,47976
DA:30,287854
DA:31,47976
FN:33,System.Void Poker.Player::DrawCards(Poker.ICard[])
FNDA:795125,System.Void Poker.Player::DrawCards(Poker.ICard[])
DA:34,795125
DA:35,3874750
DA:36,795125
DA:37,795125
DA:38,1
DA:39,1
DA:41,795124
BRDA:37,92,0,1
BRDA:37,92,1,795124
FN:43,System.Void Poker.Player::SortHand()
FNDA:391491,System.Void Poker.Player::SortHand()
DA:44,391491
DA:45,2348946
DA:46,2348946
DA:47,391491
FN:49,System.Void Poker.Player::ClearPiles()
FNDA:1,System.Void Poker.Player::ClearPiles()
DA:50,1
DA:51,1
DA:52,1
DA:53,1
FN:55,System.Void Poker.Player::IdentifyHand()
FNDA:294615,System.Void Poker.Player::IdentifyHand()
DA:56,294615
DA:57,294615
DA:58,294615
DA:59,294615
DA:60,294615
DA:61,294615
DA:62,294615
DA:63,294615
DA:65,294615
DA:66,294615
DA:67,294615
DA:68,294615
DA:69,294615
DA:70,294615
DA:72,2946150
DA:73,1178460
DA:74,1178460
DA:76,1178460
DA:77,283498
DA:78,283498
DA:79,283498
DA:80,283498
DA:81,283498
DA:82,1178460
DA:83,64449
DA:84,64449
DA:85,64449
DA:86,64449
DA:87,1178460
DA:89,294615
DA:92,154898
DA:93,154898
DA:95,56472
DA:96,56472
DA:98,5212
DA:99,5212
DA:101,78033
DA:104,294615
DA:107,59063
DA:108,59063
DA:110,2693
DA:111,2693
DA:113,232859
DA:116,294615
DA:117,5340
DA:118,5340
DA:119,5340
DA:121,2946150
DA:122,1178460
DA:123,1178460
DA:124,865688
DA:125,865688
DA:126,865688
DA:127,1178460
DA:129,2946150
DA:130,1178460
DA:131,1178460
DA:132,934018
DA:133,934018
DA:134,934018
DA:135,1178460
DA:137,294615
DA:138,294615
DA:139,3649
DA:140,3649
DA:142,3649
DA:143,3649
DA:144,3649
DA:145,21894
DA:146,3649
DA:147,3649
DA:149,3649
DA:151,294615
DA:154,294615
DA:155,212
DA:156,212
DA:158,294403
DA:159,5794
DA:160,5794
DA:162,288609
DA:163,5212
DA:164,5212
DA:166,283397
DA:167,5340
DA:168,5340
DA:170,278057
DA:171,5382
DA:172,5382
DA:174,272675
DA:175,15389
DA:176,15389
DA:178,257286
DA:179,53411
DA:180,53411
DA:182,203875
DA:183,55889
DA:184,55889
DA:186,147986
DA:187,93140
DA:188,93140
DA:190,54846
DA:191,54846
DA:193,294615
BRDA:57,16,0,291551
BRDA:57,16,1,3064
BRDA:72,265,1,1178460
BRDA:74,67,0,487043
BRDA:74,67,1,691417
BRDA:76,119,0,347947
BRDA:76,119,1,830513
BRDA:76,146,0,283498
BRDA:78,153,0,66911
BRDA:78,153,1,216587
BRDA:76,146,1,1178460
BRDA:82,199,0,347947
BRDA:82,199,1,830513
BRDA:82,229,0,64449
BRDA:84,236,0,2693
BRDA:84,236,1,61756
BRDA:82,229,1,1178460
BRDA:72,265,0,294615
BRDA:89,282,1,154898
BRDA:89,282,2,56472
BRDA:89,282,3,5212
BRDA:89,282,0,294615
BRDA:104,331,0,235552
BRDA:104,331,1,59063
BRDA:104,338,1,2693
BRDA:104,338,0,294615
BRDA:116,359,0,59165
BRDA:116,359,1,235450
BRDA:116,373,0,5340
BRDA:116,373,1,294615
BRDA:121,449,1,1178460
BRDA:123,426,0,865688
BRDA:123,426,1,1178460
BRDA:121,449,0,294615
BRDA:129,518,1,1178460
BRDA:131,496,0,934018
BRDA:131,496,1,1178460
BRDA:129,518,0,294615
BRDA:137,534,0,98791
BRDA:137,550,0,22795
BRDA:137,566,0,9362
BRDA:137,582,0,7015
BRDA:137,534,1,287600
BRDA:137,550,1,287600
BRDA:137,566,1,287600
BRDA:137,582,1,287600
BRDA:137,608,0,3649
BRDA:137,608,1,294615
BRDA:154,757,0,3064
BRDA:154,766,0,228
BRDA:154,775,1,212
BRDA:154,757,1,294403
BRDA:154,766,1,294403
BRDA:154,775,0,294403
BRDA:158,804,0,11176
BRDA:158,813,1,5794
BRDA:158,804,1,288609
BRDA:158,813,0,288609
BRDA:162,841,1,5212
BRDA:162,841,0,283397
BRDA:166,869,1,5340
BRDA:166,869,0,278057
BRDA:170,897,1,5382
BRDA:170,897,0,272675
BRDA:174,922,1,15389
BRDA:174,922,0,257286
BRDA:178,947,1,53411
BRDA:178,947,0,203875
BRDA:182,973,1,55889
BRDA:182,973,0,147986
BRDA:186,999,1,93140
BRDA:186,999,0,54846
FN:18,System.Void Poker.Player::.ctor(System.String)
FNDA:436681,System.Void Poker.Player::.ctor(System.String)
DA:19,436681
DA:20,436681
DA:21,436681
DA:22,436681
DA:23,436681
DA:24,436681
DA:25,436681
LF:134
LH:134
BRF:74
BRH:74
FNF:11
FNH:11
end_of_record
SF:D:\max\Code\Poker\PokerLib\GameFactory.cs
FN:9,Poker.Lib.IPokerGame Poker.Lib.GameFactory::NewGame(System.String[])
FNDA:5,Poker.Lib.IPokerGame Poker.Lib.GameFactory::NewGame(System.String[])
DA:10,5
DA:11,5
DA:12,5
DA:13,5
FN:15,Poker.Lib.IPokerGame Poker.Lib.GameFactory::LoadGame(System.String)
FNDA:2,Poker.Lib.IPokerGame Poker.Lib.GameFactory::LoadGame(System.String)
DA:16,2
DA:18,2
DA:19,2
DA:20,2
DA:21,2
DA:22,2
DA:23,2
DA:24,2
LF:12
LH:12
BRF:0
BRH:0
FNF:2
FNH:2
end_of_record
SF:D:\max\Code\Poker\PokerLib\PokerGame.cs
FN:13,Poker.IPlayer[] Poker.Lib.PokerGame::get_Players()
FNDA:473526,Poker.IPlayer[] Poker.Lib.PokerGame::get_Players()
DA:14,473526
FN:15,System.Boolean Poker.Lib.PokerGame::get_gameAlive()
FNDA:9607,System.Boolean Poker.Lib.PokerGame::get_gameAlive()
DA:16,9607
FN:32,System.Void Poker.Lib.PokerGame::RunGame()
FNDA:1,System.Void Poker.Lib.PokerGame::RunGame()
DA:33,1
DA:34,1
DA:35,1
DA:36,1
DA:37,9596
DA:38,9595
DA:39,9595
DA:40,9595
DA:41,9595
DA:42,124735
DA:43,47975
DA:44,47975
DA:45,47975
DA:46,47975
DA:47,47975
DA:48,47975
DA:49,47975
DA:50,0
DA:51,0
DA:52,0
DA:53,47975
DA:54,47975
DA:55,9595
DA:56,9595
DA:57,9595
DA:58,1
BRDA:37,227,1,9595
BRDA:42,188,1,47975
BRDA:49,155,0,0
BRDA:49,155,1,47975
BRDA:42,188,0,9595
BRDA:37,227,0,1
FN:59,System.Void Poker.Lib.PokerGame::Exit()
FNDA:1,System.Void Poker.Lib.PokerGame::Exit()
DA:60,1
DA:61,1
DA:62,1
FN:64,System.Void Poker.Lib.PokerGame::SaveGameAndExit(System.String)
FNDA:2,System.Void Poker.Lib.PokerGame::SaveGameAndExit(System.String)
DA:65,2
DA:66,2
DA:67,2
DA:68,2
DA:69,2
DA:70,2
DA:71,2
DA:72,2
FN:74,System.Void Poker.Lib.PokerGame::HandleResult(Poker.IPlayer[],Poker.Dealer)
FNDA:64603,System.Void Poker.Lib.PokerGame::HandleResult(Poker.IPlayer[],Poker.Dealer)
DA:75,64603
DA:76,64603
DA:77,64603
DA:78,387618
DA:79,64603
DA:80,839839
DA:81,323015
DA:82,323015
DA:83,294108
DA:84,294108
DA:85,294108
DA:86,323015
DA:88,358711
DA:90,64603
DA:92,64603
DA:93,560
DA:94,112
DA:95,112
DA:97,64491
DA:98,2113
DA:99,11944
DA:100,3859
DA:101,3859
DA:102,80
DA:103,80
DA:104,80
DA:105,3859
DA:106,2113
DA:108,62378
DA:109,1130
DA:110,13952
DA:111,5281
DA:112,23308
DA:113,10380
DA:114,10380
DA:115,0
DA:116,0
DA:117,0
DA:119,10380
DA:120,4007
DA:121,4007
DA:123,6373
DA:124,5281
DA:125,0
DA:126,13952
DA:127,5281
DA:128,5281
DA:129,63372
DA:130,26405
DA:131,26405
DA:132,7999
DA:133,7999
DA:134,7999
DA:135,26405
DA:136,5281
DA:137,1274
DA:138,1274
DA:139,1274
DA:140,5281
DA:141,1130
DA:143,61248
DA:144,13531
DA:145,167851
DA:146,63629
DA:147,63629
DA:148,9062
DA:149,9062
DA:150,9062
DA:151,63629
DA:152,2040
DA:153,2040
DA:154,2040
DA:155,63629
DA:156,13531
DA:157,13531
DA:159,47717
DA:160,12560
DA:161,136154
DA:162,55517
DA:163,55517
DA:164,55517
DA:165,55517
DA:166,55517
DA:167,55517
DA:168,55517
DA:169,721721
DA:170,277585
DA:171,277585
DA:172,55517
DA:173,55517
DA:174,55517
DA:175,277585
DA:176,55517
DA:177,12560
DA:178,12560
DA:179,12560
DA:180,136154
DA:181,55517
DA:182,55517
DA:183,5632
DA:184,5632
DA:185,5632
DA:186,5632
DA:187,5632
DA:188,49885
DA:189,16196
DA:190,16196
DA:191,312
DA:192,312
DA:193,312
DA:194,312
DA:195,312
DA:196,15884
DA:197,15585
DA:198,15585
DA:199,0
DA:200,0
DA:201,0
DA:202,0
DA:203,0
DA:204,15585
DA:205,15357
DA:206,15357
DA:207,2797
DA:208,2797
DA:209,2797
DA:210,15357
DA:211,15585
DA:212,16196
DA:213,55517
DA:214,12560
DA:215,43184
DA:216,2752
DA:217,2752
DA:218,2752
DA:219,12560
DA:221,35157
DA:222,20700
DA:223,216304
DA:224,87452
DA:225,87452
DA:226,87452
DA:227,87452
DA:228,87452
DA:229,1049424
DA:230,437260
DA:231,437260
DA:232,87452
DA:233,87452
DA:234,87452
DA:235,349808
DA:236,87452
DA:237,87452
DA:238,87452
DA:239,87452
DA:240,262356
DA:241,207470
DA:242,207470
DA:243,207470
DA:244,207470
DA:245,437260
DA:246,87452
DA:247,20700
DA:248,20700
DA:249,20700
DA:250,216304
DA:251,87452
DA:252,87452
DA:253,10711
DA:254,10711
DA:255,10711
DA:256,10711
DA:257,10711
DA:258,76741
DA:259,41610
DA:260,41610
DA:261,13
DA:262,13
DA:263,13
DA:264,13
DA:265,13
DA:266,41597
DA:267,39916
DA:268,39916
DA:269,372
DA:270,372
DA:271,372
DA:272,372
DA:273,372
DA:274,39544
DA:275,39138
DA:276,39138
DA:277,22
DA:278,22
DA:279,22
DA:280,22
DA:281,22
DA:282,39116
DA:283,39101
DA:284,39101
DA:285,18401
DA:286,18401
DA:287,18401
DA:288,39101
DA:289,39138
DA:290,39916
DA:291,41610
DA:292,87452
DA:293,20700
DA:294,98708
DA:295,18304
DA:296,18304
DA:297,18304
DA:298,20700
DA:300,14457
DA:301,14457
DA:302,187941
DA:303,72285
DA:304,526170
DA:305,230019
DA:306,230019
DA:307,150
DA:308,150
DA:309,150
DA:311,229869
DA:312,39069
DA:313,39069
DA:315,190800
DA:316,72285
DA:317,0
DA:318,187941
DA:319,72285
DA:320,72285
DA:321,867420
DA:322,361425
DA:323,361425
DA:324,215709
DA:325,215709
DA:326,215709
DA:327,361425
DA:328,72285
DA:329,33066
DA:330,33066
DA:331,33066
DA:332,72285
DA:333,14457
DA:336,64603
DA:337,11552
DA:338,11552
DA:339,11552
DA:340,11552
DA:342,53051
DA:343,689663
DA:344,265255
DA:345,265255
DA:346,53051
DA:347,53051
DA:348,53051
DA:349,53051
DA:350,53051
DA:351,265255
DA:352,53051
DA:353,64603
BRDA:80,120,1,323015
BRDA:82,95,0,294108
BRDA:82,95,1,323015
BRDA:80,120,0,64603
BRDA:92,189,1,112
BRDA:93,229,1,112
BRDA:93,229,0,112
BRDA:92,189,0,64491
BRDA:97,260,0,63601
BRDA:97,260,1,2113
BRDA:97,265,1,2113
BRDA:99,378,1,3859
BRDA:101,334,0,80
BRDA:101,334,1,3859
BRDA:97,265,0,62378
BRDA:108,392,1,1130
BRDA:110,550,1,5281
BRDA:112,540,1,10380
BRDA:114,471,0,0
BRDA:114,471,1,10380
BRDA:119,516,0,4007
BRDA:119,516,1,6373
BRDA:112,540,0,5281
BRDA:110,550,0,1130
BRDA:126,741,1,5281
BRDA:129,709,1,26405
BRDA:131,683,0,7999
BRDA:131,683,1,26405
BRDA:129,709,0,5281
BRDA:136,720,0,1274
BRDA:136,720,1,5281
BRDA:126,741,0,1130
BRDA:108,392,0,61248
BRDA:143,772,0,60141
BRDA:143,777,0,48749
BRDA:143,772,1,13531
BRDA:143,777,1,13531
BRDA:143,782,1,13531
BRDA:145,919,1,63629
BRDA:147,853,0,9062
BRDA:147,853,1,63629
BRDA:151,880,0,24633
BRDA:151,880,1,38996
BRDA:151,898,0,2040
BRDA:151,898,1,63629
BRDA:145,919,0,13531
BRDA:143,782,0,47717
BRDA:159,959,1,12560
BRDA:161,1191,1,55517
BRDA:167,1054,0,55517
BRDA:167,1054,1,0
BRDA:168,1070,0,0
BRDA:168,1070,1,55517
BRDA:169,1168,1,277585
BRDA:171,1117,0,166551
BRDA:171,1117,1,111034
BRDA:171,1140,0,55517
BRDA:171,1140,1,277585
BRDA:169,1168,0,55517
BRDA:161,1191,0,12560
BRDA:180,1503,1,55517
BRDA:182,1244,0,5632
BRDA:182,1244,1,49885
BRDA:188,1295,0,16196
BRDA:190,1318,0,312
BRDA:190,1318,1,15884
BRDA:196,1369,0,15585
BRDA:198,1389,0,0
BRDA:198,1389,1,15585
BRDA:204,1437,0,15357
BRDA:206,1459,0,2797
BRDA:206,1459,1,15357
BRDA:204,1437,1,15585
BRDA:196,1369,1,16196
BRDA:188,1295,1,55517
BRDA:180,1503,0,12560
BRDA:215,1556,1,2752
BRDA:215,1556,0,12560
BRDA:159,959,0,35157
BRDA:221,1587,1,20700
BRDA:223,1906,1,87452
BRDA:229,1880,1,437260
BRDA:231,1655,0,87452
BRDA:231,1655,1,349808
BRDA:235,1739,0,87452
BRDA:235,1739,1,262356
BRDA:240,1825,0,207470
BRDA:240,1825,1,437260
BRDA:229,1880,0,87452
BRDA:223,1906,0,20700
BRDA:250,2293,1,87452
BRDA:252,1959,0,10711
BRDA:252,1959,1,76741
BRDA:258,2010,0,41610
BRDA:260,2033,0,13
BRDA:260,2033,1,41597
BRDA:266,2084,0,39916
BRDA:268,2107,0,372
BRDA:268,2107,1,39544
BRDA:274,2158,0,39138
BRDA:276,2178,0,22
BRDA:276,2178,1,39116
BRDA:282,2226,0,39101
BRDA:284,2248,0,18401
BRDA:284,2248,1,39101
BRDA:282,2226,1,39138
BRDA:274,2158,1,39916
BRDA:266,2084,1,41610
BRDA:258,2010,1,87452
BRDA:250,2293,0,20700
BRDA:294,2346,1,18304
BRDA:294,2346,0,20700
BRDA:221,1587,0,14457
BRDA:300,2376,1,14457
BRDA:302,2534,1,72285
BRDA:304,2524,1,230019
BRDA:306,2455,0,150
BRDA:306,2455,1,229869
BRDA:311,2500,0,39069
BRDA:311,2500,1,190800
BRDA:304,2524,0,72285
BRDA:302,2534,0,14457
BRDA:318,2725,1,72285
BRDA:321,2693,1,361425
BRDA:323,2667,0,215709
BRDA:323,2667,1,361425
BRDA:321,2693,0,72285
BRDA:328,2704,0,33066
BRDA:328,2704,1,72285
BRDA:318,2725,0,14457
BRDA:99,378,0,64603
BRDA:300,2376,0,64603
BRDA:336,2759,0,11552
BRDA:336,2759,1,53051
BRDA:343,2940,1,265255
BRDA:345,2846,0,141051
BRDA:345,2846,1,124204
BRDA:345,2876,0,53051
BRDA:345,2876,1,265255
BRDA:343,2940,0,53051
FN:17,System.Void Poker.Lib.PokerGame::.ctor(System.String[])
FNDA:55013,System.Void Poker.Lib.PokerGame::.ctor(System.String[])
DA:18,55013
DA:19,55013
DA:20,55013
DA:21,570156
DA:22,230065
DA:23,230065
DA:24,230065
DA:25,55013
BRDA:21,57,1,230065
BRDA:21,57,0,55013
FN:26,System.Void Poker.Lib.PokerGame::.ctor(Poker.IPlayer[])
FNDA:2,System.Void Poker.Lib.PokerGame::.ctor(Poker.IPlayer[])
DA:27,2
DA:28,2
DA:29,2
DA:30,2
LF:314
LH:301
BRF:148
BRH:143
FNF:8
FNH:8
end_of_record