SF:D:\max\Code\Poker\PokerLib\Card.cs
FN:12,Poker.Suite Poker.Card::get_Suite()
FNDA:261247,Poker.Suite Poker.Card::get_Suite()
DA:13,261247
FN:14,Poker.Rank Poker.Card::get_Rank()
FNDA:592081,Poker.Rank Poker.Card::get_Rank()
DA:15,592081
FN:7,System.Void Poker.Card::.ctor(Poker.Suite,Poker.Rank)
FNDA:98440,System.Void Poker.Card::.ctor(Poker.Suite,Poker.Rank)
DA:8,98440
DA:9,98440
DA:10,98440
DA:11,98440
DA:12,98440
LF:7
LH:7
BRF:0
BRH:0
FNF:3
FNH:3
end_of_record
SF:D:\max\Code\Poker\PokerLib\Dealer.cs
FN:23,System.Void Poker.Dealer::Shuffle()
FNDA:103,System.Void Poker.Dealer::Shuffle()
DA:24,103
DA:25,103
DA:26,103
DA:27,103
DA:28,11021
DA:29,5356
DA:30,5356
DA:32,24878
DA:33,24878
DA:34,24878
DA:35,5356
DA:36,5356
DA:37,5356
DA:38,5356
DA:39,5356
DA:40,49756
DA:41,5356
DA:42,103
DA:43,103
BRDA:28,114,1,5356
BRDA:40,100,1,24878
BRDA:34,71,0,5356
BRDA:34,71,1,24878
BRDA:40,100,0,5356
BRDA:28,114,0,103
FN:45,System.Void Poker.Dealer::Restore(Poker.IPlayer[])
FNDA:1,System.Void Poker.Dealer::Restore(Poker.IPlayer[])
DA:46,1
DA:47,28
DA:48,13
DA:49,5
DA:50,30
DA:51,30
DA:52,5
DA:53,5
DA:54,5
DA:55,1
BRDA:48,237,1,5
BRDA:48,237,0,1
FN:57,System.Void Poker.Dealer::DealHands(Poker.IPlayer[])
FNDA:1,System.Void Poker.Dealer::DealHands(Poker.IPlayer[])
DA:58,1
DA:59,12
DA:60,5
DA:61,65
DA:62,25
DA:63,25
DA:64,25
DA:65,5
DA:66,1
BRDA:59,61,1,5
BRDA:61,46,1,25
BRDA:61,46,0,5
BRDA:59,61,0,1
FN:68,Poker.ICard[] Poker.Dealer::DealTopCards(System.Int32)
FNDA:36,Poker.ICard[] Poker.Dealer::DealTopCards(System.Int32)
DA:69,36
DA:70,36
DA:71,234
DA:72,81
DA:73,81
DA:74,81
DA:75,3228
DA:76,81
DA:77,36
DA:78,36
BRDA:71,118,1,81
BRDA:71,118,0,36
FN:9,System.Void Poker.Dealer::.ctor()
FNDA:604,System.Void Poker.Dealer::.ctor()
DA:10,604
DA:11,604
DA:12,604
DA:13,604
DA:14,6040
DA:15,2416
DA:16,67648
DA:17,31408
DA:18,31408
DA:19,31408
DA:20,31408
DA:21,2416
DA:22,604
BRDA:14,79,1,2416
BRDA:16,64,1,31408
BRDA:16,64,0,2416
BRDA:14,79,0,604
LF:61
LH:61
BRF:18
BRH:18
FNF:5
FNH:5
end_of_record
SF:D:\max\Code\Poker\PokerLib\Player.cs
FN:8,System.String Poker.Player::get_Name()
FNDA:12627,System.String Poker.Player::get_Name()
DA:9,12627
FN:10,Poker.ICard[] Poker.Player::get_Hand()
FNDA:616807,Poker.ICard[] Poker.Player::get_Hand()
DA:11,616807
FN:12,Poker.HandType Poker.Player::get_HandType()
FNDA:25200,Poker.HandType Poker.Player::get_HandType()
DA:13,25200
FN:14,System.Int32 Poker.Player::get_Wins()
FNDA:12622,System.Int32 Poker.Player::get_Wins()
DA:15,12622
FN:16,Poker.ICard[] Poker.Player::get_Discard()
FNDA:12642,Poker.ICard[] Poker.Player::get_Discard()
DA:17,12642
FN:27,System.Void Poker.Player::DiscardCards()
FNDA:1,System.Void Poker.Player::DiscardCards()
DA:28,1
DA:29,1
DA:30,1
FN:32,System.Void Poker.Player::DrawCards(Poker.ICard[])
FNDA:13235,System.Void Poker.Player::DrawCards(Poker.ICard[])
DA:33,13235
DA:34,78160
DA:35,13235
DA:36,13235
DA:37,1
DA:38,1
DA:40,13234
BRDA:36,92,0,1
BRDA:36,92,1,13234
FN:42,System.Void Poker.Player::SortHand()
FNDA:12401,System.Void Poker.Player::SortHand()
DA:43,12401
DA:44,74406
DA:45,74406
DA:46,12401
FN:48,System.Void Poker.Player::ClearPiles()
FNDA:1,System.Void Poker.Player::ClearPiles()
DA:49,1
DA:50,1
DA:51,1
DA:52,1
FN:54,System.Void Poker.Player::IdentifyHand()
FNDA:12600,System.Void Poker.Player::IdentifyHand()
DA:55,12600
DA:56,12600
DA:57,12600
DA:58,12600
DA:59,12600
DA:60,12600
DA:61,12600
DA:62,12600
DA:64,12600
DA:65,12600
DA:66,12600
DA:67,12600
DA:68,12600
DA:69,12600
DA:71,126000
DA:72,50400
DA:73,50400
DA:75,50400
DA:76,916
DA:77,916
DA:78,916
DA:79,916
DA:80,916
DA:81,50400
DA:82,255
DA:83,255
DA:84,255
DA:85,255
DA:86,50400
DA:88,12600
DA:91,306
DA:92,306
DA:94,155
DA:95,155
DA:97,100
DA:98,100
DA:100,12039
DA:103,12600
DA:106,159
DA:107,159
DA:109,48
DA:110,48
DA:112,12393
DA:115,12600
DA:116,100
DA:117,100
DA:118,100
DA:120,126000
DA:121,50400
DA:122,50400
DA:123,27074
DA:124,27074
DA:125,27074
DA:126,50400
DA:128,126000
DA:129,50400
DA:130,50400
DA:131,34767
DA:132,34767
DA:133,34767
DA:134,50400
DA:136,12600
DA:137,12600
DA:138,200
DA:139,200
DA:141,200
DA:142,200
DA:143,200
DA:144,1200
DA:145,200
DA:146,200
DA:148,200
DA:150,12600
DA:153,12600
DA:154,100
DA:155,100
DA:157,12500
DA:158,900
DA:159,900
DA:161,11600
DA:162,100
DA:163,100
DA:165,11500
DA:166,100
DA:167,100
DA:169,11400
DA:170,100
DA:171,100
DA:173,11300
DA:174,1000
DA:175,1000
DA:177,10300
DA:178,100
DA:179,100
DA:181,10200
DA:182,100
DA:183,100
DA:185,10100
DA:186,100
DA:187,100
DA:189,10000
DA:190,10000
DA:192,12600
BRDA:56,16,0,12388
BRDA:56,16,1,212
BRDA:71,265,1,50400
BRDA:73,67,0,1251
BRDA:73,67,1,49149
BRDA:75,119,0,1171
BRDA:75,119,1,49229
BRDA:75,146,0,916
BRDA:77,153,0,355
BRDA:77,153,1,561
BRDA:75,146,1,50400
BRDA:81,199,0,1171
BRDA:81,199,1,49229
BRDA:81,229,0,255
BRDA:83,236,0,48
BRDA:83,236,1,207
BRDA:81,229,1,50400
BRDA:71,265,0,12600
BRDA:88,282,1,306
BRDA:88,282,2,155
BRDA:88,282,3,100
BRDA:88,282,0,12600
BRDA:103,331,0,12441
BRDA:103,331,1,159
BRDA:103,338,1,48
BRDA:103,338,0,12600
BRDA:115,359,0,203
BRDA:115,359,1,12397
BRDA:115,373,0,100
BRDA:115,373,1,12600
BRDA:120,449,1,50400
BRDA:122,426,0,27074
BRDA:122,426,1,50400
BRDA:120,449,0,12600
BRDA:128,518,1,50400
BRDA:130,496,0,34767
BRDA:130,496,1,50400
BRDA:128,518,0,12600
BRDA:136,534,0,4424
BRDA:136,550,0,1646
BRDA:136,566,0,706
BRDA:136,582,0,453
BRDA:136,534,1,12147
BRDA:136,550,1,12147
BRDA:136,566,1,12147
BRDA:136,582,1,12147
BRDA:136,608,0,200
BRDA:136,608,1,12600
BRDA:153,757,0,212
BRDA:153,766,0,100
BRDA:153,775,1,100
BRDA:153,757,1,12500
BRDA:153,766,1,12500
BRDA:153,775,0,12500
BRDA:157,804,0,1000
BRDA:157,813,1,900
BRDA:157,804,1,11600
BRDA:157,813,0,11600
BRDA:161,841,1,100
BRDA:161,841,0,11500
BRDA:165,869,1,100
BRDA:165,869,0,11400
BRDA:169,897,1,100
BRDA:169,897,0,11300
BRDA:173,922,1,1000
BRDA:173,922,0,10300
BRDA:177,947,1,100
BRDA:177,947,0,10200
BRDA:181,973,1,100
BRDA:181,973,0,10100
BRDA:185,999,1,100
BRDA:185,999,0,10000
FN:18,System.Void Poker.Player::.ctor(System.String)
FNDA:12621,System.Void Poker.Player::.ctor(System.String)
DA:19,12621
DA:20,12621
DA:21,12621
DA:22,12621
DA:23,12621
DA:24,12621
DA:25,12621
LF:133
LH:133
BRF:74
BRH:74
FNF:11
FNH:11
end_of_record
SF:D:\max\Code\Poker\PokerLib\GameFactory.cs
FN:9,Poker.Lib.IPokerGame Poker.Lib.GameFactory::NewGame(System.String[])
FNDA:1,Poker.Lib.IPokerGame Poker.Lib.GameFactory::NewGame(System.String[])
DA:10,1
DA:11,1
DA:12,1
DA:13,1
FN:15,Poker.Lib.IPokerGame Poker.Lib.GameFactory::LoadGame(System.String)
FNDA:0,Poker.Lib.IPokerGame Poker.Lib.GameFactory::LoadGame(System.String)
DA:16,0
DA:18,0
DA:19,0
DA:20,0
DA:21,0
DA:22,0
DA:23,0
DA:24,0
LF:12
LH:4
BRF:0
BRH:0
FNF:2
FNH:1
end_of_record
SF:D:\max\Code\Poker\PokerLib\PokerGame.cs
FN:13,Poker.IPlayer[] Poker.Lib.PokerGame::get_Players()
FNDA:11,Poker.IPlayer[] Poker.Lib.PokerGame::get_Players()
DA:14,11
FN:30,System.Void Poker.Lib.PokerGame::RunGame()
FNDA:0,System.Void Poker.Lib.PokerGame::RunGame()
DA:31,0
DA:32,0
DA:33,0
DA:34,0
DA:35,0
DA:36,0
DA:37,0
DA:38,0
DA:39,0
DA:40,0
DA:41,0
DA:42,0
DA:43,0
DA:44,0
DA:45,0
DA:46,0
DA:47,0
DA:48,0
DA:49,0
DA:50,0
DA:51,0
DA:52,0
DA:53,0
DA:54,0
BRDA:39,180,1,0
BRDA:46,147,0,0
BRDA:46,147,1,0
BRDA:39,180,0,0
FN:56,System.Void Poker.Lib.PokerGame::Exit()
FNDA:0,System.Void Poker.Lib.PokerGame::Exit()
DA:57,0
DA:58,0
DA:59,0
FN:61,System.Void Poker.Lib.PokerGame::SaveGameAndExit(System.String)
FNDA:0,System.Void Poker.Lib.PokerGame::SaveGameAndExit(System.String)
DA:62,0
DA:63,0
DA:64,0
DA:65,0
DA:66,0
DA:67,0
DA:68,0
DA:69,0
FN:71,System.Void Poker.Lib.PokerGame::HandleResult(Poker.IPlayer[],Poker.Dealer)
FNDA:0,System.Void Poker.Lib.PokerGame::HandleResult(Poker.IPlayer[],Poker.Dealer)
DA:72,0
DA:73,0
DA:74,0
DA:75,0
DA:76,0
DA:77,0
DA:78,0
DA:79,0
DA:80,0
DA:81,0
DA:82,0
DA:83,0
DA:85,0
DA:87,0
DA:89,0
DA:90,0
DA:91,0
DA:92,0
DA:94,0
DA:95,0
DA:96,0
DA:97,0
DA:98,0
DA:99,0
DA:100,0
DA:101,0
DA:102,0
DA:103,0
DA:105,0
DA:106,0
DA:107,0
DA:108,0
DA:109,0
DA:110,0
DA:111,0
DA:112,0
DA:113,0
DA:114,0
DA:115,0
DA:117,0
DA:118,0
DA:119,0
DA:120,0
DA:121,0
DA:122,0
DA:123,0
DA:124,0
DA:125,0
DA:126,0
DA:127,0
DA:129,0
DA:130,0
DA:131,0
DA:132,0
DA:133,0
DA:134,0
DA:135,0
DA:136,0
DA:137,0
DA:138,0
DA:139,0
DA:141,0
DA:142,0
DA:143,0
DA:144,0
DA:145,0
DA:146,0
DA:147,0
DA:148,0
DA:149,0
DA:150,0
DA:151,0
DA:152,0
DA:153,0
DA:154,0
DA:155,0
DA:156,0
DA:157,0
DA:158,0
DA:159,0
DA:160,0
DA:161,0
DA:162,0
DA:163,0
DA:164,0
DA:165,0
DA:166,0
DA:167,0
DA:168,0
DA:169,0
DA:170,0
DA:171,0
DA:172,0
DA:173,0
DA:174,0
DA:175,0
DA:176,0
DA:177,0
DA:178,0
DA:179,0
DA:180,0
DA:181,0
DA:182,0
DA:183,0
DA:184,0
DA:185,0
DA:186,0
DA:187,0
DA:188,0
DA:189,0
DA:190,0
DA:191,0
DA:192,0
DA:193,0
DA:194,0
DA:195,0
DA:196,0
DA:197,0
DA:198,0
DA:199,0
DA:200,0
DA:201,0
DA:203,0
DA:204,0
DA:205,0
DA:206,0
DA:207,0
DA:208,0
DA:209,0
DA:210,0
DA:211,0
DA:212,0
DA:213,0
DA:214,0
DA:215,0
DA:216,0
DA:217,0
DA:218,0
DA:219,0
DA:220,0
DA:221,0
DA:222,0
DA:223,0
DA:224,0
DA:225,0
DA:226,0
DA:227,0
DA:228,0
DA:229,0
DA:230,0
DA:231,0
DA:232,0
DA:233,0
DA:234,0
DA:235,0
DA:236,0
DA:237,0
DA:238,0
DA:239,0
DA:240,0
DA:241,0
DA:242,0
DA:243,0
DA:244,0
DA:245,0
DA:246,0
DA:247,0
DA:248,0
DA:249,0
DA:250,0
DA:251,0
DA:252,0
DA:253,0
DA:254,0
DA:255,0
DA:256,0
DA:257,0
DA:258,0
DA:259,0
DA:260,0
DA:261,0
DA:262,0
DA:263,0
DA:264,0
DA:265,0
DA:266,0
DA:267,0
DA:268,0
DA:269,0
DA:270,0
DA:271,0
DA:272,0
DA:273,0
DA:274,0
DA:275,0
DA:276,0
DA:277,0
DA:278,0
DA:279,0
DA:280,0
DA:282,0
DA:283,0
DA:284,0
DA:285,0
DA:286,0
DA:287,0
DA:288,0
DA:289,0
DA:290,0
DA:291,0
DA:293,0
DA:294,0
DA:295,0
DA:297,0
DA:298,0
DA:299,0
DA:300,0
DA:301,0
DA:302,0
DA:303,0
DA:304,0
DA:305,0
DA:306,0
DA:307,0
DA:308,0
DA:309,0
DA:310,0
DA:311,0
DA:312,0
DA:313,0
DA:314,0
DA:315,0
DA:318,0
DA:319,0
DA:320,0
DA:321,0
DA:322,0
DA:324,0
DA:325,0
DA:326,0
DA:327,0
DA:328,0
DA:329,0
DA:330,0
DA:331,0
DA:332,0
DA:333,0
DA:334,0
DA:335,0
BRDA:77,120,1,0
BRDA:79,95,0,0
BRDA:79,95,1,0
BRDA:77,120,0,0
BRDA:89,189,1,0
BRDA:90,229,1,0
BRDA:90,229,0,0
BRDA:89,189,0,0
BRDA:94,260,0,0
BRDA:94,260,1,0
BRDA:94,265,1,0
BRDA:96,381,1,0
BRDA:98,337,0,0
BRDA:98,337,1,0
BRDA:94,265,0,0
BRDA:105,395,1,0
BRDA:107,570,1,0
BRDA:110,517,1,0
BRDA:112,474,0,0
BRDA:112,474,1,0
BRDA:110,517,0,0
BRDA:121,528,0,0
BRDA:121,528,1,0
BRDA:107,570,0,0
BRDA:105,395,0,0
BRDA:129,596,0,0
BRDA:129,601,0,0
BRDA:129,596,1,0
BRDA:129,601,1,0
BRDA:129,606,1,0
BRDA:131,690,1,0
BRDA:133,674,0,0
BRDA:133,674,1,0
BRDA:131,690,0,0
BRDA:129,606,0,0
BRDA:141,730,1,0
BRDA:143,962,1,0
BRDA:149,825,0,0
BRDA:149,825,1,0
BRDA:150,841,0,0
BRDA:150,841,1,0
BRDA:151,939,1,0
BRDA:153,888,0,0
BRDA:153,888,1,0
BRDA:153,911,0,0
BRDA:153,911,1,0
BRDA:151,939,0,0
BRDA:143,962,0,0
BRDA:162,1274,1,0
BRDA:164,1015,0,0
BRDA:164,1015,1,0
BRDA:170,1066,0,0
BRDA:172,1089,0,0
BRDA:172,1089,1,0
BRDA:178,1140,0,0
BRDA:180,1160,0,0
BRDA:180,1160,1,0
BRDA:186,1208,0,0
BRDA:188,1230,0,0
BRDA:188,1230,1,0
BRDA:186,1208,1,0
BRDA:178,1140,1,0
BRDA:170,1066,1,0
BRDA:162,1274,0,0
BRDA:197,1327,1,0
BRDA:197,1327,0,0
BRDA:141,730,0,0
BRDA:203,1358,1,0
BRDA:205,1677,1,0
BRDA:211,1651,1,0
BRDA:213,1426,0,0
BRDA:213,1426,1,0
BRDA:217,1510,0,0
BRDA:217,1510,1,0
BRDA:222,1596,0,0
BRDA:222,1596,1,0
BRDA:211,1651,0,0
BRDA:205,1677,0,0
BRDA:232,2064,1,0
BRDA:234,1730,0,0
BRDA:234,1730,1,0
BRDA:240,1781,0,0
BRDA:242,1804,0,0
BRDA:242,1804,1,0
BRDA:248,1855,0,0
BRDA:250,1878,0,0
BRDA:250,1878,1,0
BRDA:256,1929,0,0
BRDA:258,1949,0,0
BRDA:258,1949,1,0
BRDA:264,1997,0,0
BRDA:266,2019,0,0
BRDA:266,2019,1,0
BRDA:264,1997,1,0
BRDA:256,1929,1,0
BRDA:248,1855,1,0
BRDA:240,1781,1,0
BRDA:232,2064,0,0
BRDA:276,2117,1,0
BRDA:276,2117,0,0
BRDA:203,1358,0,0
BRDA:282,2147,1,0
BRDA:284,2305,1,0
BRDA:286,2295,1,0
BRDA:288,2226,0,0
BRDA:288,2226,1,0
BRDA:293,2271,0,0
BRDA:293,2271,1,0
BRDA:286,2295,0,0
BRDA:284,2305,0,0
BRDA:300,2496,1,0
BRDA:303,2464,1,0
BRDA:305,2438,0,0
BRDA:305,2438,1,0
BRDA:303,2464,0,0
BRDA:310,2475,0,0
BRDA:310,2475,1,0
BRDA:300,2496,0,0
BRDA:96,381,0,0
BRDA:282,2147,0,0
BRDA:318,2530,0,0
BRDA:318,2530,1,0
BRDA:325,2711,1,0
BRDA:327,2617,0,0
BRDA:327,2617,1,0
BRDA:327,2647,0,0
BRDA:327,2647,1,0
BRDA:325,2711,0,0
FN:15,System.Void Poker.Lib.PokerGame::.ctor(System.String[])
FNDA:1,System.Void Poker.Lib.PokerGame::.ctor(System.String[])
DA:16,1
DA:17,1
DA:18,1
DA:19,12
DA:20,5
DA:21,5
DA:22,5
DA:23,1
BRDA:19,57,1,5
BRDA:19,57,0,1
FN:24,System.Void Poker.Lib.PokerGame::.ctor(Poker.IPlayer[])
FNDA:0,System.Void Poker.Lib.PokerGame::.ctor(Poker.IPlayer[])
DA:25,0
DA:26,0
DA:27,0
DA:28,0
LF:297
LH:9
BRF:134
BRH:2
FNF:7
FNH:2
end_of_record