<?xml version="1.0" encoding="utf-8"?>
<CoverageSession>
  <Summary numSequencePoints="528" visitedSequencePoints="515" numBranchPoints="240" visitedBranchPoints="235" sequenceCoverage="97.53" branchCoverage="97.91" maxCyclomaticComplexity="259" minCyclomaticComplexity="259" visitedClasses="5" numClasses="5" visitedMethods="29" numMethods="29" />
  <Modules>
    <Module hash="141E635E-663F-433C-93EE-A3FD63DBCC30">
      <ModulePath>PokerLib.dll</ModulePath>
      <ModuleTime>2020-12-13T08:08:28</ModuleTime>
      <ModuleName>PokerLib</ModuleName>
      <Files>
        <File uid="1" fullPath="D:\max\Code\Poker\PokerLib\Card.cs" />
        <File uid="2" fullPath="D:\max\Code\Poker\PokerLib\Dealer.cs" />
        <File uid="3" fullPath="D:\max\Code\Poker\PokerLib\Player.cs" />
        <File uid="4" fullPath="D:\max\Code\Poker\PokerLib\GameFactory.cs" />
        <File uid="5" fullPath="D:\max\Code\Poker\PokerLib\PokerGame.cs" />
      </Files>
      <Classes>
        <Class>
          <Summary numSequencePoints="7" visitedSequencePoints="7" numBranchPoints="0" visitedBranchPoints="0" sequenceCoverage="100" branchCoverage="100" maxCyclomaticComplexity="1" minCyclomaticComplexity="1" visitedClasses="1" numClasses="1" visitedMethods="3" numMethods="3" />
          <FullName>Poker.Card</FullName>
          <Methods>
            <Method cyclomaticComplexity="1" nPathComplexity="0" sequenceCoverage="100" branchCoverage="100" isConstructor="False" isGetter="True" isSetter="False" isStatic="True">
              <Summary numSequencePoints="1" visitedSequencePoints="1" numBranchPoints="0" visitedBranchPoints="0" sequenceCoverage="100" branchCoverage="100" maxCyclomaticComplexity="1" minCyclomaticComplexity="1" visitedClasses="0" numClasses="0" visitedMethods="1" numMethods="1" />
              <MetadataToken />
              <Name>Poker.Suite Poker.Card::get_Suite()</Name>
              <FileRef uid="1" />
              <SequencePoints>
                <SequencePoint vc="14973485" uspid="13" ordinal="0" sl="13" sc="1" el="13" ec="2" bec="0" bev="0" fileid="1" />
              </SequencePoints>
              <BranchPoints />
              <MethodPoint vc="1" uspid="0" p8:type="SequencePoint" ordinal="0" offset="0" sc="0" sl="13" ec="1" el="13" bec="0" bev="0" fileid="1" xmlns:p8="xsi" />
            </Method>
            <Method cyclomaticComplexity="1" nPathComplexity="0" sequenceCoverage="100" branchCoverage="100" isConstructor="False" isGetter="True" isSetter="False" isStatic="True">
              <Summary numSequencePoints="1" visitedSequencePoints="1" numBranchPoints="0" visitedBranchPoints="0" sequenceCoverage="100" branchCoverage="100" maxCyclomaticComplexity="1" minCyclomaticComplexity="1" visitedClasses="0" numClasses="0" visitedMethods="1" numMethods="1" />
              <MetadataToken />
              <Name>Poker.Rank Poker.Card::get_Rank()</Name>
              <FileRef uid="1" />
              <SequencePoints>
                <SequencePoint vc="40968406" uspid="15" ordinal="0" sl="15" sc="1" el="15" ec="2" bec="0" bev="0" fileid="1" />
              </SequencePoints>
              <BranchPoints />
              <MethodPoint vc="1" uspid="0" p8:type="SequencePoint" ordinal="1" offset="1" sc="0" sl="15" ec="1" el="15" bec="0" bev="0" fileid="1" xmlns:p8="xsi" />
            </Method>
            <Method cyclomaticComplexity="1" nPathComplexity="0" sequenceCoverage="100" branchCoverage="100" isConstructor="True" isGetter="False" isSetter="False" isStatic="True">
              <Summary numSequencePoints="5" visitedSequencePoints="5" numBranchPoints="0" visitedBranchPoints="0" sequenceCoverage="100" branchCoverage="100" maxCyclomaticComplexity="1" minCyclomaticComplexity="1" visitedClasses="0" numClasses="0" visitedMethods="1" numMethods="1" />
              <MetadataToken />
              <Name>System.Void Poker.Card::.ctor(Poker.Suite,Poker.Rank)</Name>
              <FileRef uid="1" />
              <SequencePoints>
                <SequencePoint vc="10659108" uspid="8" ordinal="0" sl="8" sc="1" el="8" ec="2" bec="0" bev="0" fileid="1" />
                <SequencePoint vc="10659108" uspid="9" ordinal="1" sl="9" sc="1" el="9" ec="2" bec="0" bev="0" fileid="1" />
                <SequencePoint vc="10659108" uspid="10" ordinal="2" sl="10" sc="1" el="10" ec="2" bec="0" bev="0" fileid="1" />
                <SequencePoint vc="10659108" uspid="11" ordinal="3" sl="11" sc="1" el="11" ec="2" bec="0" bev="0" fileid="1" />
                <SequencePoint vc="10659108" uspid="12" ordinal="4" sl="12" sc="1" el="12" ec="2" bec="0" bev="0" fileid="1" />
              </SequencePoints>
              <BranchPoints />
              <MethodPoint vc="5" uspid="0" p8:type="SequencePoint" ordinal="2" offset="2" sc="0" sl="8" ec="1" el="12" bec="0" bev="0" fileid="1" xmlns:p8="xsi" />
            </Method>
          </Methods>
        </Class>
        <Class>
          <Summary numSequencePoints="61" visitedSequencePoints="61" numBranchPoints="18" visitedBranchPoints="18" sequenceCoverage="100" branchCoverage="100" maxCyclomaticComplexity="6" minCyclomaticComplexity="2" visitedClasses="1" numClasses="1" visitedMethods="5" numMethods="5" />
          <FullName>Poker.Dealer</FullName>
          <Methods>
            <Method cyclomaticComplexity="6" nPathComplexity="0" sequenceCoverage="100" branchCoverage="100" isConstructor="False" isGetter="False" isSetter="False" isStatic="True">
              <Summary numSequencePoints="19" visitedSequencePoints="19" numBranchPoints="6" visitedBranchPoints="6" sequenceCoverage="100" branchCoverage="100" maxCyclomaticComplexity="6" minCyclomaticComplexity="6" visitedClasses="0" numClasses="0" visitedMethods="1" numMethods="1" />
              <MetadataToken />
              <Name>System.Void Poker.Dealer::Shuffle()</Name>
              <FileRef uid="2" />
              <SequencePoints>
                <SequencePoint vc="9698" uspid="24" ordinal="0" sl="24" sc="1" el="24" ec="2" bec="0" bev="0" fileid="2" />
                <SequencePoint vc="9698" uspid="25" ordinal="1" sl="25" sc="1" el="25" ec="2" bec="0" bev="0" fileid="2" />
                <SequencePoint vc="9698" uspid="26" ordinal="2" sl="26" sc="1" el="26" ec="2" bec="0" bev="0" fileid="2" />
                <SequencePoint vc="9698" uspid="27" ordinal="3" sl="27" sc="1" el="27" ec="2" bec="0" bev="0" fileid="2" />
                <SequencePoint vc="1037686" uspid="28" ordinal="4" sl="28" sc="1" el="28" ec="2" bec="2" bev="2" fileid="2" />
                <SequencePoint vc="504296" uspid="29" ordinal="5" sl="29" sc="1" el="29" ec="2" bec="0" bev="0" fileid="2" />
                <SequencePoint vc="504296" uspid="30" ordinal="6" sl="30" sc="1" el="30" ec="2" bec="0" bev="0" fileid="2" />
                <SequencePoint vc="2279521" uspid="32" ordinal="7" sl="32" sc="1" el="32" ec="2" bec="0" bev="0" fileid="2" />
                <SequencePoint vc="2279521" uspid="33" ordinal="8" sl="33" sc="1" el="33" ec="2" bec="0" bev="0" fileid="2" />
                <SequencePoint vc="2279521" uspid="34" ordinal="9" sl="34" sc="1" el="34" ec="2" bec="2" bev="2" fileid="2" />
                <SequencePoint vc="504296" uspid="35" ordinal="10" sl="35" sc="1" el="35" ec="2" bec="0" bev="0" fileid="2" />
                <SequencePoint vc="504296" uspid="36" ordinal="11" sl="36" sc="1" el="36" ec="2" bec="0" bev="0" fileid="2" />
                <SequencePoint vc="504296" uspid="37" ordinal="12" sl="37" sc="1" el="37" ec="2" bec="0" bev="0" fileid="2" />
                <SequencePoint vc="504296" uspid="38" ordinal="13" sl="38" sc="1" el="38" ec="2" bec="0" bev="0" fileid="2" />
                <SequencePoint vc="504296" uspid="39" ordinal="14" sl="39" sc="1" el="39" ec="2" bec="0" bev="0" fileid="2" />
                <SequencePoint vc="4559042" uspid="40" ordinal="15" sl="40" sc="1" el="40" ec="2" bec="2" bev="2" fileid="2" />
                <SequencePoint vc="504296" uspid="41" ordinal="16" sl="41" sc="1" el="41" ec="2" bec="0" bev="0" fileid="2" />
                <SequencePoint vc="9698" uspid="42" ordinal="17" sl="42" sc="1" el="42" ec="2" bec="0" bev="0" fileid="2" />
                <SequencePoint vc="9698" uspid="43" ordinal="18" sl="43" sc="1" el="43" ec="2" bec="0" bev="0" fileid="2" />
              </SequencePoints>
              <BranchPoints>
                <BranchPoint vc="504296" uspid="28" ordinal="5" path="1" offset="114" offsetend="34" sl="28" fileid="2" />
                <BranchPoint vc="2279521" uspid="40" ordinal="3" path="1" offset="100" offsetend="44" sl="40" fileid="2" />
                <BranchPoint vc="504296" uspid="34" ordinal="0" path="0" offset="71" offsetend="73" sl="34" fileid="2" />
                <BranchPoint vc="2279521" uspid="34" ordinal="1" path="1" offset="71" offsetend="93" sl="34" fileid="2" />
                <BranchPoint vc="504296" uspid="40" ordinal="2" path="0" offset="100" offsetend="102" sl="40" fileid="2" />
                <BranchPoint vc="9698" uspid="28" ordinal="4" path="0" offset="114" offsetend="116" sl="28" fileid="2" />
              </BranchPoints>
              <MethodPoint vc="19" uspid="0" p8:type="SequencePoint" ordinal="0" offset="0" sc="0" sl="24" ec="1" el="43" bec="0" bev="0" fileid="2" xmlns:p8="xsi" />
            </Method>
            <Method cyclomaticComplexity="2" nPathComplexity="0" sequenceCoverage="100" branchCoverage="100" isConstructor="False" isGetter="False" isSetter="False" isStatic="True">
              <Summary numSequencePoints="10" visitedSequencePoints="10" numBranchPoints="2" visitedBranchPoints="2" sequenceCoverage="100" branchCoverage="100" maxCyclomaticComplexity="2" minCyclomaticComplexity="2" visitedClasses="0" numClasses="0" visitedMethods="1" numMethods="1" />
              <MetadataToken />
              <Name>System.Void Poker.Dealer::Restore(Poker.IPlayer[])</Name>
              <FileRef uid="2" />
              <SequencePoints>
                <SequencePoint vc="64604" uspid="46" ordinal="0" sl="46" sc="1" el="46" ec="2" bec="0" bev="0" fileid="2" />
                <SequencePoint vc="3184112" uspid="47" ordinal="1" sl="47" sc="1" el="47" ec="2" bec="0" bev="0" fileid="2" />
                <SequencePoint vc="749852" uspid="48" ordinal="2" sl="48" sc="1" el="48" ec="2" bec="2" bev="2" fileid="2" />
                <SequencePoint vc="278020" uspid="49" ordinal="3" sl="49" sc="1" el="49" ec="2" bec="0" bev="0" fileid="2" />
                <SequencePoint vc="1668120" uspid="50" ordinal="4" sl="50" sc="1" el="50" ec="2" bec="0" bev="0" fileid="2" />
                <SequencePoint vc="1428245" uspid="51" ordinal="5" sl="51" sc="1" el="51" ec="2" bec="0" bev="0" fileid="2" />
                <SequencePoint vc="278020" uspid="52" ordinal="6" sl="52" sc="1" el="52" ec="2" bec="0" bev="0" fileid="2" />
                <SequencePoint vc="278020" uspid="53" ordinal="7" sl="53" sc="1" el="53" ec="2" bec="0" bev="0" fileid="2" />
                <SequencePoint vc="278020" uspid="54" ordinal="8" sl="54" sc="1" el="54" ec="2" bec="0" bev="0" fileid="2" />
                <SequencePoint vc="64604" uspid="55" ordinal="9" sl="55" sc="1" el="55" ec="2" bec="0" bev="0" fileid="2" />
              </SequencePoints>
              <BranchPoints>
                <BranchPoint vc="278020" uspid="48" ordinal="1" path="1" offset="237" offsetend="64" sl="48" fileid="2" />
                <BranchPoint vc="64604" uspid="48" ordinal="0" path="0" offset="237" offsetend="242" sl="48" fileid="2" />
              </BranchPoints>
              <MethodPoint vc="10" uspid="0" p8:type="SequencePoint" ordinal="1" offset="1" sc="0" sl="46" ec="1" el="55" bec="0" bev="0" fileid="2" xmlns:p8="xsi" />
            </Method>
            <Method cyclomaticComplexity="4" nPathComplexity="0" sequenceCoverage="100" branchCoverage="100" isConstructor="False" isGetter="False" isSetter="False" isStatic="True">
              <Summary numSequencePoints="9" visitedSequencePoints="9" numBranchPoints="4" visitedBranchPoints="4" sequenceCoverage="100" branchCoverage="100" maxCyclomaticComplexity="4" minCyclomaticComplexity="4" visitedClasses="0" numClasses="0" visitedMethods="1" numMethods="1" />
              <MetadataToken />
              <Name>System.Void Poker.Dealer::DealHands(Poker.IPlayer[])</Name>
              <FileRef uid="2" />
              <SequencePoints>
                <SequencePoint vc="9596" uspid="58" ordinal="0" sl="58" sc="1" el="58" ec="2" bec="0" bev="0" fileid="2" />
                <SequencePoint vc="115152" uspid="59" ordinal="1" sl="59" sc="1" el="59" ec="2" bec="2" bev="2" fileid="2" />
                <SequencePoint vc="47980" uspid="60" ordinal="2" sl="60" sc="1" el="60" ec="2" bec="0" bev="0" fileid="2" />
                <SequencePoint vc="623740" uspid="61" ordinal="3" sl="61" sc="1" el="61" ec="2" bec="2" bev="2" fileid="2" />
                <SequencePoint vc="239900" uspid="62" ordinal="4" sl="62" sc="1" el="62" ec="2" bec="0" bev="0" fileid="2" />
                <SequencePoint vc="239900" uspid="63" ordinal="5" sl="63" sc="1" el="63" ec="2" bec="0" bev="0" fileid="2" />
                <SequencePoint vc="239900" uspid="64" ordinal="6" sl="64" sc="1" el="64" ec="2" bec="0" bev="0" fileid="2" />
                <SequencePoint vc="47980" uspid="65" ordinal="7" sl="65" sc="1" el="65" ec="2" bec="0" bev="0" fileid="2" />
                <SequencePoint vc="9596" uspid="66" ordinal="8" sl="66" sc="1" el="66" ec="2" bec="0" bev="0" fileid="2" />
              </SequencePoints>
              <BranchPoints>
                <BranchPoint vc="47980" uspid="59" ordinal="3" path="1" offset="61" offsetend="5" sl="59" fileid="2" />
                <BranchPoint vc="239900" uspid="61" ordinal="1" path="1" offset="46" offsetend="13" sl="61" fileid="2" />
                <BranchPoint vc="47980" uspid="61" ordinal="0" path="0" offset="46" offsetend="48" sl="61" fileid="2" />
                <BranchPoint vc="9596" uspid="59" ordinal="2" path="0" offset="61" offsetend="63" sl="59" fileid="2" />
              </BranchPoints>
              <MethodPoint vc="9" uspid="0" p8:type="SequencePoint" ordinal="2" offset="2" sc="0" sl="58" ec="1" el="66" bec="0" bev="0" fileid="2" xmlns:p8="xsi" />
            </Method>
            <Method cyclomaticComplexity="2" nPathComplexity="0" sequenceCoverage="100" branchCoverage="100" isConstructor="False" isGetter="False" isSetter="False" isStatic="True">
              <Summary numSequencePoints="10" visitedSequencePoints="10" numBranchPoints="2" visitedBranchPoints="2" sequenceCoverage="100" branchCoverage="100" maxCyclomaticComplexity="2" minCyclomaticComplexity="2" visitedClasses="0" numClasses="0" visitedMethods="1" numMethods="1" />
              <MetadataToken />
              <Name>Poker.ICard[] Poker.Dealer::DealTopCards(System.Int32)</Name>
              <FileRef uid="2" />
              <SequencePoints>
                <SequencePoint vc="287886" uspid="69" ordinal="0" sl="69" sc="1" el="69" ec="2" bec="0" bev="0" fileid="2" />
                <SequencePoint vc="287886" uspid="70" ordinal="1" sl="70" sc="1" el="70" ec="2" bec="0" bev="0" fileid="2" />
                <SequencePoint vc="1055684" uspid="71" ordinal="2" sl="71" sc="1" el="71" ec="2" bec="2" bev="2" fileid="2" />
                <SequencePoint vc="239956" uspid="72" ordinal="3" sl="72" sc="1" el="72" ec="2" bec="0" bev="0" fileid="2" />
                <SequencePoint vc="239956" uspid="73" ordinal="4" sl="73" sc="1" el="73" ec="2" bec="0" bev="0" fileid="2" />
                <SequencePoint vc="239956" uspid="74" ordinal="5" sl="74" sc="1" el="74" ec="2" bec="0" bev="0" fileid="2" />
                <SequencePoint vc="9838103" uspid="75" ordinal="6" sl="75" sc="1" el="75" ec="2" bec="0" bev="0" fileid="2" />
                <SequencePoint vc="239956" uspid="76" ordinal="7" sl="76" sc="1" el="76" ec="2" bec="0" bev="0" fileid="2" />
                <SequencePoint vc="287886" uspid="77" ordinal="8" sl="77" sc="1" el="77" ec="2" bec="0" bev="0" fileid="2" />
                <SequencePoint vc="287886" uspid="78" ordinal="9" sl="78" sc="1" el="78" ec="2" bec="0" bev="0" fileid="2" />
              </SequencePoints>
              <BranchPoints>
                <BranchPoint vc="239956" uspid="71" ordinal="1" path="1" offset="118" offsetend="11" sl="71" fileid="2" />
                <BranchPoint vc="287886" uspid="71" ordinal="0" path="0" offset="118" offsetend="120" sl="71" fileid="2" />
              </BranchPoints>
              <MethodPoint vc="10" uspid="0" p8:type="SequencePoint" ordinal="3" offset="3" sc="0" sl="69" ec="1" el="78" bec="0" bev="0" fileid="2" xmlns:p8="xsi" />
            </Method>
            <Method cyclomaticComplexity="4" nPathComplexity="0" sequenceCoverage="100" branchCoverage="100" isConstructor="True" isGetter="False" isSetter="False" isStatic="True">
              <Summary numSequencePoints="13" visitedSequencePoints="13" numBranchPoints="4" visitedBranchPoints="4" sequenceCoverage="100" branchCoverage="100" maxCyclomaticComplexity="4" minCyclomaticComplexity="4" visitedClasses="0" numClasses="0" visitedMethods="1" numMethods="1" />
              <MetadataToken />
              <Name>System.Void Poker.Dealer::.ctor()</Name>
              <FileRef uid="2" />
              <SequencePoints>
                <SequencePoint vc="155613" uspid="10" ordinal="0" sl="10" sc="1" el="10" ec="2" bec="0" bev="0" fileid="2" />
                <SequencePoint vc="155613" uspid="11" ordinal="1" sl="11" sc="1" el="11" ec="2" bec="0" bev="0" fileid="2" />
                <SequencePoint vc="155613" uspid="12" ordinal="2" sl="12" sc="1" el="12" ec="2" bec="0" bev="0" fileid="2" />
                <SequencePoint vc="155613" uspid="13" ordinal="3" sl="13" sc="1" el="13" ec="2" bec="0" bev="0" fileid="2" />
                <SequencePoint vc="1556130" uspid="14" ordinal="4" sl="14" sc="1" el="14" ec="2" bec="2" bev="2" fileid="2" />
                <SequencePoint vc="622452" uspid="15" ordinal="5" sl="15" sc="1" el="15" ec="2" bec="0" bev="0" fileid="2" />
                <SequencePoint vc="17428656" uspid="16" ordinal="6" sl="16" sc="1" el="16" ec="2" bec="2" bev="2" fileid="2" />
                <SequencePoint vc="8091876" uspid="17" ordinal="7" sl="17" sc="1" el="17" ec="2" bec="0" bev="0" fileid="2" />
                <SequencePoint vc="8091876" uspid="18" ordinal="8" sl="18" sc="1" el="18" ec="2" bec="0" bev="0" fileid="2" />
                <SequencePoint vc="8091876" uspid="19" ordinal="9" sl="19" sc="1" el="19" ec="2" bec="0" bev="0" fileid="2" />
                <SequencePoint vc="8091876" uspid="20" ordinal="10" sl="20" sc="1" el="20" ec="2" bec="0" bev="0" fileid="2" />
                <SequencePoint vc="622452" uspid="21" ordinal="11" sl="21" sc="1" el="21" ec="2" bec="0" bev="0" fileid="2" />
                <SequencePoint vc="155613" uspid="22" ordinal="12" sl="22" sc="1" el="22" ec="2" bec="0" bev="0" fileid="2" />
              </SequencePoints>
              <BranchPoints>
                <BranchPoint vc="622452" uspid="14" ordinal="3" path="1" offset="79" offsetend="27" sl="14" fileid="2" />
                <BranchPoint vc="8091876" uspid="16" ordinal="1" path="1" offset="64" offsetend="32" sl="16" fileid="2" />
                <BranchPoint vc="622452" uspid="16" ordinal="0" path="0" offset="64" offsetend="66" sl="16" fileid="2" />
                <BranchPoint vc="155613" uspid="14" ordinal="2" path="0" offset="79" offsetend="81" sl="14" fileid="2" />
              </BranchPoints>
              <MethodPoint vc="13" uspid="0" p8:type="SequencePoint" ordinal="4" offset="4" sc="0" sl="10" ec="1" el="22" bec="0" bev="0" fileid="2" xmlns:p8="xsi" />
            </Method>
          </Methods>
        </Class>
        <Class>
          <Summary numSequencePoints="134" visitedSequencePoints="134" numBranchPoints="74" visitedBranchPoints="74" sequenceCoverage="100" branchCoverage="100" maxCyclomaticComplexity="72" minCyclomaticComplexity="1" visitedClasses="1" numClasses="1" visitedMethods="11" numMethods="11" />
          <FullName>Poker.Player</FullName>
          <Methods>
            <Method cyclomaticComplexity="1" nPathComplexity="0" sequenceCoverage="100" branchCoverage="100" isConstructor="False" isGetter="True" isSetter="False" isStatic="True">
              <Summary numSequencePoints="1" visitedSequencePoints="1" numBranchPoints="0" visitedBranchPoints="0" sequenceCoverage="100" branchCoverage="100" maxCyclomaticComplexity="1" minCyclomaticComplexity="1" visitedClasses="0" numClasses="0" visitedMethods="1" numMethods="1" />
              <MetadataToken />
              <Name>System.String Poker.Player::get_Name()</Name>
              <FileRef uid="3" />
              <SequencePoints>
                <SequencePoint vc="967197" uspid="9" ordinal="0" sl="9" sc="1" el="9" ec="2" bec="0" bev="0" fileid="3" />
              </SequencePoints>
              <BranchPoints />
              <MethodPoint vc="1" uspid="0" p8:type="SequencePoint" ordinal="0" offset="0" sc="0" sl="9" ec="1" el="9" bec="0" bev="0" fileid="3" xmlns:p8="xsi" />
            </Method>
            <Method cyclomaticComplexity="1" nPathComplexity="0" sequenceCoverage="100" branchCoverage="100" isConstructor="False" isGetter="True" isSetter="False" isStatic="True">
              <Summary numSequencePoints="1" visitedSequencePoints="1" numBranchPoints="0" visitedBranchPoints="0" sequenceCoverage="100" branchCoverage="100" maxCyclomaticComplexity="1" minCyclomaticComplexity="1" visitedClasses="0" numClasses="0" visitedMethods="1" numMethods="1" />
              <MetadataToken />
              <Name>Poker.ICard[] Poker.Player::get_Hand()</Name>
              <FileRef uid="3" />
              <SequencePoints>
                <SequencePoint vc="23042698" uspid="11" ordinal="0" sl="11" sc="1" el="11" ec="2" bec="0" bev="0" fileid="3" />
              </SequencePoints>
              <BranchPoints />
              <MethodPoint vc="1" uspid="0" p8:type="SequencePoint" ordinal="1" offset="1" sc="0" sl="11" ec="1" el="11" bec="0" bev="0" fileid="3" xmlns:p8="xsi" />
            </Method>
            <Method cyclomaticComplexity="1" nPathComplexity="0" sequenceCoverage="100" branchCoverage="100" isConstructor="False" isGetter="True" isSetter="False" isStatic="True">
              <Summary numSequencePoints="1" visitedSequencePoints="1" numBranchPoints="0" visitedBranchPoints="0" sequenceCoverage="100" branchCoverage="100" maxCyclomaticComplexity="1" minCyclomaticComplexity="1" visitedClasses="0" numClasses="0" visitedMethods="1" numMethods="1" />
              <MetadataToken />
              <Name>Poker.HandType Poker.Player::get_HandType()</Name>
              <FileRef uid="3" />
              <SequencePoints>
                <SequencePoint vc="1091451" uspid="13" ordinal="0" sl="13" sc="1" el="13" ec="2" bec="0" bev="0" fileid="3" />
              </SequencePoints>
              <BranchPoints />
              <MethodPoint vc="1" uspid="0" p8:type="SequencePoint" ordinal="2" offset="2" sc="0" sl="13" ec="1" el="13" bec="0" bev="0" fileid="3" xmlns:p8="xsi" />
            </Method>
            <Method cyclomaticComplexity="1" nPathComplexity="0" sequenceCoverage="100" branchCoverage="100" isConstructor="False" isGetter="True" isSetter="False" isStatic="True">
              <Summary numSequencePoints="1" visitedSequencePoints="1" numBranchPoints="0" visitedBranchPoints="0" sequenceCoverage="100" branchCoverage="100" maxCyclomaticComplexity="1" minCyclomaticComplexity="1" visitedClasses="0" numClasses="0" visitedMethods="1" numMethods="1" />
              <MetadataToken />
              <Name>System.Int32 Poker.Player::get_Wins()</Name>
              <FileRef uid="3" />
              <SequencePoints>
                <SequencePoint vc="644025" uspid="15" ordinal="0" sl="15" sc="1" el="15" ec="2" bec="0" bev="0" fileid="3" />
              </SequencePoints>
              <BranchPoints />
              <MethodPoint vc="1" uspid="0" p8:type="SequencePoint" ordinal="3" offset="3" sc="0" sl="15" ec="1" el="15" bec="0" bev="0" fileid="3" xmlns:p8="xsi" />
            </Method>
            <Method cyclomaticComplexity="1" nPathComplexity="0" sequenceCoverage="100" branchCoverage="100" isConstructor="False" isGetter="True" isSetter="False" isStatic="True">
              <Summary numSequencePoints="1" visitedSequencePoints="1" numBranchPoints="0" visitedBranchPoints="0" sequenceCoverage="100" branchCoverage="100" maxCyclomaticComplexity="1" minCyclomaticComplexity="1" visitedClasses="0" numClasses="0" visitedMethods="1" numMethods="1" />
              <MetadataToken />
              <Name>Poker.ICard[] Poker.Player::get_Discard()</Name>
              <FileRef uid="3" />
              <SequencePoints>
                <SequencePoint vc="1232609" uspid="17" ordinal="0" sl="17" sc="1" el="17" ec="2" bec="0" bev="0" fileid="3" />
              </SequencePoints>
              <BranchPoints />
              <MethodPoint vc="1" uspid="0" p8:type="SequencePoint" ordinal="4" offset="4" sc="0" sl="17" ec="1" el="17" bec="0" bev="0" fileid="3" xmlns:p8="xsi" />
            </Method>
            <Method cyclomaticComplexity="1" nPathComplexity="0" sequenceCoverage="100" branchCoverage="100" isConstructor="False" isGetter="False" isSetter="False" isStatic="True">
              <Summary numSequencePoints="4" visitedSequencePoints="4" numBranchPoints="0" visitedBranchPoints="0" sequenceCoverage="100" branchCoverage="100" maxCyclomaticComplexity="1" minCyclomaticComplexity="1" visitedClasses="0" numClasses="0" visitedMethods="1" numMethods="1" />
              <MetadataToken />
              <Name>System.Void Poker.Player::DiscardCards()</Name>
              <FileRef uid="3" />
              <SequencePoints>
                <SequencePoint vc="47976" uspid="28" ordinal="0" sl="28" sc="1" el="28" ec="2" bec="0" bev="0" fileid="3" />
                <SequencePoint vc="47976" uspid="29" ordinal="1" sl="29" sc="1" el="29" ec="2" bec="0" bev="0" fileid="3" />
                <SequencePoint vc="287854" uspid="30" ordinal="2" sl="30" sc="1" el="30" ec="2" bec="0" bev="0" fileid="3" />
                <SequencePoint vc="47976" uspid="31" ordinal="3" sl="31" sc="1" el="31" ec="2" bec="0" bev="0" fileid="3" />
              </SequencePoints>
              <BranchPoints />
              <MethodPoint vc="4" uspid="0" p8:type="SequencePoint" ordinal="5" offset="5" sc="0" sl="28" ec="1" el="31" bec="0" bev="0" fileid="3" xmlns:p8="xsi" />
            </Method>
            <Method cyclomaticComplexity="2" nPathComplexity="0" sequenceCoverage="100" branchCoverage="100" isConstructor="False" isGetter="False" isSetter="False" isStatic="True">
              <Summary numSequencePoints="7" visitedSequencePoints="7" numBranchPoints="2" visitedBranchPoints="2" sequenceCoverage="100" branchCoverage="100" maxCyclomaticComplexity="2" minCyclomaticComplexity="2" visitedClasses="0" numClasses="0" visitedMethods="1" numMethods="1" />
              <MetadataToken />
              <Name>System.Void Poker.Player::DrawCards(Poker.ICard[])</Name>
              <FileRef uid="3" />
              <SequencePoints>
                <SequencePoint vc="795125" uspid="34" ordinal="0" sl="34" sc="1" el="34" ec="2" bec="0" bev="0" fileid="3" />
                <SequencePoint vc="3874750" uspid="35" ordinal="1" sl="35" sc="1" el="35" ec="2" bec="0" bev="0" fileid="3" />
                <SequencePoint vc="795125" uspid="36" ordinal="2" sl="36" sc="1" el="36" ec="2" bec="0" bev="0" fileid="3" />
                <SequencePoint vc="795125" uspid="37" ordinal="3" sl="37" sc="1" el="37" ec="2" bec="2" bev="2" fileid="3" />
                <SequencePoint vc="1" uspid="38" ordinal="4" sl="38" sc="1" el="38" ec="2" bec="0" bev="0" fileid="3" />
                <SequencePoint vc="1" uspid="39" ordinal="5" sl="39" sc="1" el="39" ec="2" bec="0" bev="0" fileid="3" />
                <SequencePoint vc="795124" uspid="41" ordinal="6" sl="41" sc="1" el="41" ec="2" bec="0" bev="0" fileid="3" />
              </SequencePoints>
              <BranchPoints>
                <BranchPoint vc="1" uspid="37" ordinal="0" path="0" offset="92" offsetend="94" sl="37" fileid="3" />
                <BranchPoint vc="795124" uspid="37" ordinal="1" path="1" offset="92" offsetend="101" sl="37" fileid="3" />
              </BranchPoints>
              <MethodPoint vc="7" uspid="0" p8:type="SequencePoint" ordinal="6" offset="6" sc="0" sl="34" ec="1" el="41" bec="0" bev="0" fileid="3" xmlns:p8="xsi" />
            </Method>
            <Method cyclomaticComplexity="1" nPathComplexity="0" sequenceCoverage="100" branchCoverage="100" isConstructor="False" isGetter="False" isSetter="False" isStatic="True">
              <Summary numSequencePoints="4" visitedSequencePoints="4" numBranchPoints="0" visitedBranchPoints="0" sequenceCoverage="100" branchCoverage="100" maxCyclomaticComplexity="1" minCyclomaticComplexity="1" visitedClasses="0" numClasses="0" visitedMethods="1" numMethods="1" />
              <MetadataToken />
              <Name>System.Void Poker.Player::SortHand()</Name>
              <FileRef uid="3" />
              <SequencePoints>
                <SequencePoint vc="391491" uspid="44" ordinal="0" sl="44" sc="1" el="44" ec="2" bec="0" bev="0" fileid="3" />
                <SequencePoint vc="2348946" uspid="45" ordinal="1" sl="45" sc="1" el="45" ec="2" bec="0" bev="0" fileid="3" />
                <SequencePoint vc="2348946" uspid="46" ordinal="2" sl="46" sc="1" el="46" ec="2" bec="0" bev="0" fileid="3" />
                <SequencePoint vc="391491" uspid="47" ordinal="3" sl="47" sc="1" el="47" ec="2" bec="0" bev="0" fileid="3" />
              </SequencePoints>
              <BranchPoints />
              <MethodPoint vc="4" uspid="0" p8:type="SequencePoint" ordinal="7" offset="7" sc="0" sl="44" ec="1" el="47" bec="0" bev="0" fileid="3" xmlns:p8="xsi" />
            </Method>
            <Method cyclomaticComplexity="1" nPathComplexity="0" sequenceCoverage="100" branchCoverage="100" isConstructor="False" isGetter="False" isSetter="False" isStatic="True">
              <Summary numSequencePoints="4" visitedSequencePoints="4" numBranchPoints="0" visitedBranchPoints="0" sequenceCoverage="100" branchCoverage="100" maxCyclomaticComplexity="1" minCyclomaticComplexity="1" visitedClasses="0" numClasses="0" visitedMethods="1" numMethods="1" />
              <MetadataToken />
              <Name>System.Void Poker.Player::ClearPiles()</Name>
              <FileRef uid="3" />
              <SequencePoints>
                <SequencePoint vc="1" uspid="50" ordinal="0" sl="50" sc="1" el="50" ec="2" bec="0" bev="0" fileid="3" />
                <SequencePoint vc="1" uspid="51" ordinal="1" sl="51" sc="1" el="51" ec="2" bec="0" bev="0" fileid="3" />
                <SequencePoint vc="1" uspid="52" ordinal="2" sl="52" sc="1" el="52" ec="2" bec="0" bev="0" fileid="3" />
                <SequencePoint vc="1" uspid="53" ordinal="3" sl="53" sc="1" el="53" ec="2" bec="0" bev="0" fileid="3" />
              </SequencePoints>
              <BranchPoints />
              <MethodPoint vc="4" uspid="0" p8:type="SequencePoint" ordinal="8" offset="8" sc="0" sl="50" ec="1" el="53" bec="0" bev="0" fileid="3" xmlns:p8="xsi" />
            </Method>
            <Method cyclomaticComplexity="72" nPathComplexity="0" sequenceCoverage="100" branchCoverage="100" isConstructor="False" isGetter="False" isSetter="False" isStatic="True">
              <Summary numSequencePoints="103" visitedSequencePoints="103" numBranchPoints="72" visitedBranchPoints="72" sequenceCoverage="100" branchCoverage="100" maxCyclomaticComplexity="72" minCyclomaticComplexity="72" visitedClasses="0" numClasses="0" visitedMethods="1" numMethods="1" />
              <MetadataToken />
              <Name>System.Void Poker.Player::IdentifyHand()</Name>
              <FileRef uid="3" />
              <SequencePoints>
                <SequencePoint vc="294615" uspid="56" ordinal="0" sl="56" sc="1" el="56" ec="2" bec="0" bev="0" fileid="3" />
                <SequencePoint vc="294615" uspid="57" ordinal="1" sl="57" sc="1" el="57" ec="2" bec="2" bev="2" fileid="3" />
                <SequencePoint vc="294615" uspid="58" ordinal="2" sl="58" sc="1" el="58" ec="2" bec="0" bev="0" fileid="3" />
                <SequencePoint vc="294615" uspid="59" ordinal="3" sl="59" sc="1" el="59" ec="2" bec="0" bev="0" fileid="3" />
                <SequencePoint vc="294615" uspid="60" ordinal="4" sl="60" sc="1" el="60" ec="2" bec="0" bev="0" fileid="3" />
                <SequencePoint vc="294615" uspid="61" ordinal="5" sl="61" sc="1" el="61" ec="2" bec="0" bev="0" fileid="3" />
                <SequencePoint vc="294615" uspid="62" ordinal="6" sl="62" sc="1" el="62" ec="2" bec="0" bev="0" fileid="3" />
                <SequencePoint vc="294615" uspid="63" ordinal="7" sl="63" sc="1" el="63" ec="2" bec="0" bev="0" fileid="3" />
                <SequencePoint vc="294615" uspid="65" ordinal="8" sl="65" sc="1" el="65" ec="2" bec="0" bev="0" fileid="3" />
                <SequencePoint vc="294615" uspid="66" ordinal="9" sl="66" sc="1" el="66" ec="2" bec="0" bev="0" fileid="3" />
                <SequencePoint vc="294615" uspid="67" ordinal="10" sl="67" sc="1" el="67" ec="2" bec="0" bev="0" fileid="3" />
                <SequencePoint vc="294615" uspid="68" ordinal="11" sl="68" sc="1" el="68" ec="2" bec="0" bev="0" fileid="3" />
                <SequencePoint vc="294615" uspid="69" ordinal="12" sl="69" sc="1" el="69" ec="2" bec="0" bev="0" fileid="3" />
                <SequencePoint vc="294615" uspid="70" ordinal="13" sl="70" sc="1" el="70" ec="2" bec="0" bev="0" fileid="3" />
                <SequencePoint vc="2946150" uspid="72" ordinal="14" sl="72" sc="1" el="72" ec="2" bec="2" bev="2" fileid="3" />
                <SequencePoint vc="1178460" uspid="73" ordinal="15" sl="73" sc="1" el="73" ec="2" bec="0" bev="0" fileid="3" />
                <SequencePoint vc="1178460" uspid="74" ordinal="16" sl="74" sc="1" el="74" ec="2" bec="2" bev="2" fileid="3" />
                <SequencePoint vc="1178460" uspid="76" ordinal="17" sl="76" sc="1" el="76" ec="2" bec="4" bev="4" fileid="3" />
                <SequencePoint vc="283498" uspid="77" ordinal="18" sl="77" sc="1" el="77" ec="2" bec="0" bev="0" fileid="3" />
                <SequencePoint vc="283498" uspid="78" ordinal="19" sl="78" sc="1" el="78" ec="2" bec="2" bev="2" fileid="3" />
                <SequencePoint vc="283498" uspid="79" ordinal="20" sl="79" sc="1" el="79" ec="2" bec="0" bev="0" fileid="3" />
                <SequencePoint vc="283498" uspid="80" ordinal="21" sl="80" sc="1" el="80" ec="2" bec="0" bev="0" fileid="3" />
                <SequencePoint vc="283498" uspid="81" ordinal="22" sl="81" sc="1" el="81" ec="2" bec="0" bev="0" fileid="3" />
                <SequencePoint vc="1178460" uspid="82" ordinal="23" sl="82" sc="1" el="82" ec="2" bec="4" bev="4" fileid="3" />
                <SequencePoint vc="64449" uspid="83" ordinal="24" sl="83" sc="1" el="83" ec="2" bec="0" bev="0" fileid="3" />
                <SequencePoint vc="64449" uspid="84" ordinal="25" sl="84" sc="1" el="84" ec="2" bec="2" bev="2" fileid="3" />
                <SequencePoint vc="64449" uspid="85" ordinal="26" sl="85" sc="1" el="85" ec="2" bec="0" bev="0" fileid="3" />
                <SequencePoint vc="64449" uspid="86" ordinal="27" sl="86" sc="1" el="86" ec="2" bec="0" bev="0" fileid="3" />
                <SequencePoint vc="1178460" uspid="87" ordinal="28" sl="87" sc="1" el="87" ec="2" bec="0" bev="0" fileid="3" />
                <SequencePoint vc="294615" uspid="89" ordinal="29" sl="89" sc="1" el="89" ec="2" bec="4" bev="4" fileid="3" />
                <SequencePoint vc="154898" uspid="92" ordinal="30" sl="92" sc="1" el="92" ec="2" bec="0" bev="0" fileid="3" />
                <SequencePoint vc="154898" uspid="93" ordinal="31" sl="93" sc="1" el="93" ec="2" bec="0" bev="0" fileid="3" />
                <SequencePoint vc="56472" uspid="95" ordinal="32" sl="95" sc="1" el="95" ec="2" bec="0" bev="0" fileid="3" />
                <SequencePoint vc="56472" uspid="96" ordinal="33" sl="96" sc="1" el="96" ec="2" bec="0" bev="0" fileid="3" />
                <SequencePoint vc="5212" uspid="98" ordinal="34" sl="98" sc="1" el="98" ec="2" bec="0" bev="0" fileid="3" />
                <SequencePoint vc="5212" uspid="99" ordinal="35" sl="99" sc="1" el="99" ec="2" bec="0" bev="0" fileid="3" />
                <SequencePoint vc="78033" uspid="101" ordinal="36" sl="101" sc="1" el="101" ec="2" bec="0" bev="0" fileid="3" />
                <SequencePoint vc="294615" uspid="104" ordinal="37" sl="104" sc="1" el="104" ec="2" bec="4" bev="4" fileid="3" />
                <SequencePoint vc="59063" uspid="107" ordinal="38" sl="107" sc="1" el="107" ec="2" bec="0" bev="0" fileid="3" />
                <SequencePoint vc="59063" uspid="108" ordinal="39" sl="108" sc="1" el="108" ec="2" bec="0" bev="0" fileid="3" />
                <SequencePoint vc="2693" uspid="110" ordinal="40" sl="110" sc="1" el="110" ec="2" bec="0" bev="0" fileid="3" />
                <SequencePoint vc="2693" uspid="111" ordinal="41" sl="111" sc="1" el="111" ec="2" bec="0" bev="0" fileid="3" />
                <SequencePoint vc="232859" uspid="113" ordinal="42" sl="113" sc="1" el="113" ec="2" bec="0" bev="0" fileid="3" />
                <SequencePoint vc="294615" uspid="116" ordinal="43" sl="116" sc="1" el="116" ec="2" bec="4" bev="4" fileid="3" />
                <SequencePoint vc="5340" uspid="117" ordinal="44" sl="117" sc="1" el="117" ec="2" bec="0" bev="0" fileid="3" />
                <SequencePoint vc="5340" uspid="118" ordinal="45" sl="118" sc="1" el="118" ec="2" bec="0" bev="0" fileid="3" />
                <SequencePoint vc="5340" uspid="119" ordinal="46" sl="119" sc="1" el="119" ec="2" bec="0" bev="0" fileid="3" />
                <SequencePoint vc="2946150" uspid="121" ordinal="47" sl="121" sc="1" el="121" ec="2" bec="2" bev="2" fileid="3" />
                <SequencePoint vc="1178460" uspid="122" ordinal="48" sl="122" sc="1" el="122" ec="2" bec="0" bev="0" fileid="3" />
                <SequencePoint vc="1178460" uspid="123" ordinal="49" sl="123" sc="1" el="123" ec="2" bec="2" bev="2" fileid="3" />
                <SequencePoint vc="865688" uspid="124" ordinal="50" sl="124" sc="1" el="124" ec="2" bec="0" bev="0" fileid="3" />
                <SequencePoint vc="865688" uspid="125" ordinal="51" sl="125" sc="1" el="125" ec="2" bec="0" bev="0" fileid="3" />
                <SequencePoint vc="865688" uspid="126" ordinal="52" sl="126" sc="1" el="126" ec="2" bec="0" bev="0" fileid="3" />
                <SequencePoint vc="1178460" uspid="127" ordinal="53" sl="127" sc="1" el="127" ec="2" bec="0" bev="0" fileid="3" />
                <SequencePoint vc="2946150" uspid="129" ordinal="54" sl="129" sc="1" el="129" ec="2" bec="2" bev="2" fileid="3" />
                <SequencePoint vc="1178460" uspid="130" ordinal="55" sl="130" sc="1" el="130" ec="2" bec="0" bev="0" fileid="3" />
                <SequencePoint vc="1178460" uspid="131" ordinal="56" sl="131" sc="1" el="131" ec="2" bec="2" bev="2" fileid="3" />
                <SequencePoint vc="934018" uspid="132" ordinal="57" sl="132" sc="1" el="132" ec="2" bec="0" bev="0" fileid="3" />
                <SequencePoint vc="934018" uspid="133" ordinal="58" sl="133" sc="1" el="133" ec="2" bec="0" bev="0" fileid="3" />
                <SequencePoint vc="934018" uspid="134" ordinal="59" sl="134" sc="1" el="134" ec="2" bec="0" bev="0" fileid="3" />
                <SequencePoint vc="1178460" uspid="135" ordinal="60" sl="135" sc="1" el="135" ec="2" bec="0" bev="0" fileid="3" />
                <SequencePoint vc="294615" uspid="137" ordinal="61" sl="137" sc="1" el="137" ec="2" bec="10" bev="10" fileid="3" />
                <SequencePoint vc="294615" uspid="138" ordinal="62" sl="138" sc="1" el="138" ec="2" bec="0" bev="0" fileid="3" />
                <SequencePoint vc="3649" uspid="139" ordinal="63" sl="139" sc="1" el="139" ec="2" bec="0" bev="0" fileid="3" />
                <SequencePoint vc="3649" uspid="140" ordinal="64" sl="140" sc="1" el="140" ec="2" bec="0" bev="0" fileid="3" />
                <SequencePoint vc="3649" uspid="142" ordinal="65" sl="142" sc="1" el="142" ec="2" bec="0" bev="0" fileid="3" />
                <SequencePoint vc="3649" uspid="143" ordinal="66" sl="143" sc="1" el="143" ec="2" bec="0" bev="0" fileid="3" />
                <SequencePoint vc="3649" uspid="144" ordinal="67" sl="144" sc="1" el="144" ec="2" bec="0" bev="0" fileid="3" />
                <SequencePoint vc="21894" uspid="145" ordinal="68" sl="145" sc="1" el="145" ec="2" bec="0" bev="0" fileid="3" />
                <SequencePoint vc="3649" uspid="146" ordinal="69" sl="146" sc="1" el="146" ec="2" bec="0" bev="0" fileid="3" />
                <SequencePoint vc="3649" uspid="147" ordinal="70" sl="147" sc="1" el="147" ec="2" bec="0" bev="0" fileid="3" />
                <SequencePoint vc="3649" uspid="149" ordinal="71" sl="149" sc="1" el="149" ec="2" bec="0" bev="0" fileid="3" />
                <SequencePoint vc="294615" uspid="151" ordinal="72" sl="151" sc="1" el="151" ec="2" bec="0" bev="0" fileid="3" />
                <SequencePoint vc="294615" uspid="154" ordinal="73" sl="154" sc="1" el="154" ec="2" bec="6" bev="6" fileid="3" />
                <SequencePoint vc="212" uspid="155" ordinal="74" sl="155" sc="1" el="155" ec="2" bec="0" bev="0" fileid="3" />
                <SequencePoint vc="212" uspid="156" ordinal="75" sl="156" sc="1" el="156" ec="2" bec="0" bev="0" fileid="3" />
                <SequencePoint vc="294403" uspid="158" ordinal="76" sl="158" sc="1" el="158" ec="2" bec="4" bev="4" fileid="3" />
                <SequencePoint vc="5794" uspid="159" ordinal="77" sl="159" sc="1" el="159" ec="2" bec="0" bev="0" fileid="3" />
                <SequencePoint vc="5794" uspid="160" ordinal="78" sl="160" sc="1" el="160" ec="2" bec="0" bev="0" fileid="3" />
                <SequencePoint vc="288609" uspid="162" ordinal="79" sl="162" sc="1" el="162" ec="2" bec="2" bev="2" fileid="3" />
                <SequencePoint vc="5212" uspid="163" ordinal="80" sl="163" sc="1" el="163" ec="2" bec="0" bev="0" fileid="3" />
                <SequencePoint vc="5212" uspid="164" ordinal="81" sl="164" sc="1" el="164" ec="2" bec="0" bev="0" fileid="3" />
                <SequencePoint vc="283397" uspid="166" ordinal="82" sl="166" sc="1" el="166" ec="2" bec="2" bev="2" fileid="3" />
                <SequencePoint vc="5340" uspid="167" ordinal="83" sl="167" sc="1" el="167" ec="2" bec="0" bev="0" fileid="3" />
                <SequencePoint vc="5340" uspid="168" ordinal="84" sl="168" sc="1" el="168" ec="2" bec="0" bev="0" fileid="3" />
                <SequencePoint vc="278057" uspid="170" ordinal="85" sl="170" sc="1" el="170" ec="2" bec="2" bev="2" fileid="3" />
                <SequencePoint vc="5382" uspid="171" ordinal="86" sl="171" sc="1" el="171" ec="2" bec="0" bev="0" fileid="3" />
                <SequencePoint vc="5382" uspid="172" ordinal="87" sl="172" sc="1" el="172" ec="2" bec="0" bev="0" fileid="3" />
                <SequencePoint vc="272675" uspid="174" ordinal="88" sl="174" sc="1" el="174" ec="2" bec="2" bev="2" fileid="3" />
                <SequencePoint vc="15389" uspid="175" ordinal="89" sl="175" sc="1" el="175" ec="2" bec="0" bev="0" fileid="3" />
                <SequencePoint vc="15389" uspid="176" ordinal="90" sl="176" sc="1" el="176" ec="2" bec="0" bev="0" fileid="3" />
                <SequencePoint vc="257286" uspid="178" ordinal="91" sl="178" sc="1" el="178" ec="2" bec="2" bev="2" fileid="3" />
                <SequencePoint vc="53411" uspid="179" ordinal="92" sl="179" sc="1" el="179" ec="2" bec="0" bev="0" fileid="3" />
                <SequencePoint vc="53411" uspid="180" ordinal="93" sl="180" sc="1" el="180" ec="2" bec="0" bev="0" fileid="3" />
                <SequencePoint vc="203875" uspid="182" ordinal="94" sl="182" sc="1" el="182" ec="2" bec="2" bev="2" fileid="3" />
                <SequencePoint vc="55889" uspid="183" ordinal="95" sl="183" sc="1" el="183" ec="2" bec="0" bev="0" fileid="3" />
                <SequencePoint vc="55889" uspid="184" ordinal="96" sl="184" sc="1" el="184" ec="2" bec="0" bev="0" fileid="3" />
                <SequencePoint vc="147986" uspid="186" ordinal="97" sl="186" sc="1" el="186" ec="2" bec="2" bev="2" fileid="3" />
                <SequencePoint vc="93140" uspid="187" ordinal="98" sl="187" sc="1" el="187" ec="2" bec="0" bev="0" fileid="3" />
                <SequencePoint vc="93140" uspid="188" ordinal="99" sl="188" sc="1" el="188" ec="2" bec="0" bev="0" fileid="3" />
                <SequencePoint vc="54846" uspid="190" ordinal="100" sl="190" sc="1" el="190" ec="2" bec="0" bev="0" fileid="3" />
                <SequencePoint vc="54846" uspid="191" ordinal="101" sl="191" sc="1" el="191" ec="2" bec="0" bev="0" fileid="3" />
                <SequencePoint vc="294615" uspid="193" ordinal="102" sl="193" sc="1" el="193" ec="2" bec="0" bev="0" fileid="3" />
              </SequencePoints>
              <BranchPoints>
                <BranchPoint vc="291551" uspid="57" ordinal="0" path="0" offset="16" offsetend="18" sl="57" fileid="3" />
                <BranchPoint vc="3064" uspid="57" ordinal="1" path="1" offset="16" offsetend="21" sl="57" fileid="3" />
                <BranchPoint vc="1178460" uspid="72" ordinal="17" path="1" offset="265" offsetend="64" sl="72" fileid="3" />
                <BranchPoint vc="487043" uspid="74" ordinal="2" path="0" offset="67" offsetend="69" sl="74" fileid="3" />
                <BranchPoint vc="691417" uspid="74" ordinal="3" path="1" offset="67" offsetend="73" sl="74" fileid="3" />
                <BranchPoint vc="347947" uspid="76" ordinal="4" path="0" offset="119" offsetend="121" sl="76" fileid="3" />
                <BranchPoint vc="830513" uspid="76" ordinal="5" path="1" offset="119" offsetend="141" sl="76" fileid="3" />
                <BranchPoint vc="283498" uspid="76" ordinal="6" path="0" offset="146" offsetend="148" sl="76" fileid="3" />
                <BranchPoint vc="66911" uspid="78" ordinal="8" path="0" offset="153" offsetend="155" sl="78" fileid="3" />
                <BranchPoint vc="216587" uspid="78" ordinal="9" path="1" offset="153" offsetend="158" sl="78" fileid="3" />
                <BranchPoint vc="1178460" uspid="76" ordinal="7" path="1" offset="146" offsetend="169" sl="76" fileid="3" />
                <BranchPoint vc="347947" uspid="82" ordinal="10" path="0" offset="199" offsetend="201" sl="82" fileid="3" />
                <BranchPoint vc="830513" uspid="82" ordinal="11" path="1" offset="199" offsetend="224" sl="82" fileid="3" />
                <BranchPoint vc="64449" uspid="82" ordinal="12" path="0" offset="229" offsetend="231" sl="82" fileid="3" />
                <BranchPoint vc="2693" uspid="84" ordinal="14" path="0" offset="236" offsetend="238" sl="84" fileid="3" />
                <BranchPoint vc="61756" uspid="84" ordinal="15" path="1" offset="236" offsetend="241" sl="84" fileid="3" />
                <BranchPoint vc="1178460" uspid="82" ordinal="13" path="1" offset="229" offsetend="249" sl="82" fileid="3" />
                <BranchPoint vc="294615" uspid="72" ordinal="16" path="0" offset="265" offsetend="270" sl="72" fileid="3" />
                <BranchPoint vc="154898" uspid="89" ordinal="19" path="1" offset="282" offsetend="301" sl="89" fileid="3" />
                <BranchPoint vc="56472" uspid="89" ordinal="20" path="2" offset="282" offsetend="309" sl="89" fileid="3" />
                <BranchPoint vc="5212" uspid="89" ordinal="21" path="3" offset="282" offsetend="314" sl="89" fileid="3" />
                <BranchPoint vc="294615" uspid="89" ordinal="18" path="0" offset="282" offsetend="320" sl="89" fileid="3" />
                <BranchPoint vc="235552" uspid="104" ordinal="22" path="0" offset="331" offsetend="335" sl="104" fileid="3" />
                <BranchPoint vc="59063" uspid="104" ordinal="23" path="1" offset="331" offsetend="342" sl="104" fileid="3" />
                <BranchPoint vc="2693" uspid="104" ordinal="25" path="1" offset="338" offsetend="350" sl="104" fileid="3" />
                <BranchPoint vc="294615" uspid="104" ordinal="24" path="0" offset="338" offsetend="357" sl="104" fileid="3" />
                <BranchPoint vc="59165" uspid="116" ordinal="26" path="0" offset="359" offsetend="361" sl="116" fileid="3" />
                <BranchPoint vc="235450" uspid="116" ordinal="27" path="1" offset="359" offsetend="368" sl="116" fileid="3" />
                <BranchPoint vc="5340" uspid="116" ordinal="28" path="0" offset="373" offsetend="375" sl="116" fileid="3" />
                <BranchPoint vc="294615" uspid="116" ordinal="29" path="1" offset="373" offsetend="379" sl="116" fileid="3" />
                <BranchPoint vc="1178460" uspid="121" ordinal="33" path="1" offset="449" offsetend="384" sl="121" fileid="3" />
                <BranchPoint vc="865688" uspid="123" ordinal="30" path="0" offset="426" offsetend="428" sl="123" fileid="3" />
                <BranchPoint vc="1178460" uspid="123" ordinal="31" path="1" offset="426" offsetend="433" sl="123" fileid="3" />
                <BranchPoint vc="294615" uspid="121" ordinal="32" path="0" offset="449" offsetend="451" sl="121" fileid="3" />
                <BranchPoint vc="1178460" uspid="129" ordinal="37" path="1" offset="518" offsetend="456" sl="129" fileid="3" />
                <BranchPoint vc="934018" uspid="131" ordinal="34" path="0" offset="496" offsetend="498" sl="131" fileid="3" />
                <BranchPoint vc="1178460" uspid="131" ordinal="35" path="1" offset="496" offsetend="502" sl="131" fileid="3" />
                <BranchPoint vc="294615" uspid="129" ordinal="36" path="0" offset="518" offsetend="520" sl="129" fileid="3" />
                <BranchPoint vc="98791" uspid="137" ordinal="38" path="0" offset="534" offsetend="536" sl="137" fileid="3" />
                <BranchPoint vc="22795" uspid="137" ordinal="40" path="0" offset="550" offsetend="552" sl="137" fileid="3" />
                <BranchPoint vc="9362" uspid="137" ordinal="42" path="0" offset="566" offsetend="568" sl="137" fileid="3" />
                <BranchPoint vc="7015" uspid="137" ordinal="44" path="0" offset="582" offsetend="584" sl="137" fileid="3" />
                <BranchPoint vc="287600" uspid="137" ordinal="39" path="1" offset="534" offsetend="603" sl="137" fileid="3" />
                <BranchPoint vc="287600" uspid="137" ordinal="41" path="1" offset="550" offsetend="603" sl="137" fileid="3" />
                <BranchPoint vc="287600" uspid="137" ordinal="43" path="1" offset="566" offsetend="603" sl="137" fileid="3" />
                <BranchPoint vc="287600" uspid="137" ordinal="45" path="1" offset="582" offsetend="603" sl="137" fileid="3" />
                <BranchPoint vc="3649" uspid="137" ordinal="46" path="0" offset="608" offsetend="610" sl="137" fileid="3" />
                <BranchPoint vc="294615" uspid="137" ordinal="47" path="1" offset="608" offsetend="727" sl="137" fileid="3" />
                <BranchPoint vc="3064" uspid="154" ordinal="48" path="0" offset="757" offsetend="759" sl="154" fileid="3" />
                <BranchPoint vc="228" uspid="154" ordinal="50" path="0" offset="766" offsetend="768" sl="154" fileid="3" />
                <BranchPoint vc="212" uspid="154" ordinal="53" path="1" offset="775" offsetend="779" sl="154" fileid="3" />
                <BranchPoint vc="294403" uspid="154" ordinal="49" path="1" offset="757" offsetend="793" sl="154" fileid="3" />
                <BranchPoint vc="294403" uspid="154" ordinal="51" path="1" offset="766" offsetend="793" sl="154" fileid="3" />
                <BranchPoint vc="294403" uspid="154" ordinal="52" path="0" offset="775" offsetend="793" sl="154" fileid="3" />
                <BranchPoint vc="11176" uspid="158" ordinal="54" path="0" offset="804" offsetend="806" sl="158" fileid="3" />
                <BranchPoint vc="5794" uspid="158" ordinal="57" path="1" offset="813" offsetend="817" sl="158" fileid="3" />
                <BranchPoint vc="288609" uspid="158" ordinal="55" path="1" offset="804" offsetend="830" sl="158" fileid="3" />
                <BranchPoint vc="288609" uspid="158" ordinal="56" path="0" offset="813" offsetend="830" sl="158" fileid="3" />
                <BranchPoint vc="5212" uspid="162" ordinal="59" path="1" offset="841" offsetend="845" sl="162" fileid="3" />
                <BranchPoint vc="283397" uspid="162" ordinal="58" path="0" offset="841" offsetend="858" sl="162" fileid="3" />
                <BranchPoint vc="5340" uspid="166" ordinal="61" path="1" offset="869" offsetend="873" sl="166" fileid="3" />
                <BranchPoint vc="278057" uspid="166" ordinal="60" path="0" offset="869" offsetend="886" sl="166" fileid="3" />
                <BranchPoint vc="5382" uspid="170" ordinal="63" path="1" offset="897" offsetend="901" sl="170" fileid="3" />
                <BranchPoint vc="272675" uspid="170" ordinal="62" path="0" offset="897" offsetend="911" sl="170" fileid="3" />
                <BranchPoint vc="15389" uspid="174" ordinal="65" path="1" offset="922" offsetend="926" sl="174" fileid="3" />
                <BranchPoint vc="257286" uspid="174" ordinal="64" path="0" offset="922" offsetend="936" sl="174" fileid="3" />
                <BranchPoint vc="53411" uspid="178" ordinal="67" path="1" offset="947" offsetend="951" sl="178" fileid="3" />
                <BranchPoint vc="203875" uspid="178" ordinal="66" path="0" offset="947" offsetend="961" sl="178" fileid="3" />
                <BranchPoint vc="55889" uspid="182" ordinal="69" path="1" offset="973" offsetend="977" sl="182" fileid="3" />
                <BranchPoint vc="147986" uspid="182" ordinal="68" path="0" offset="973" offsetend="987" sl="182" fileid="3" />
                <BranchPoint vc="93140" uspid="186" ordinal="71" path="1" offset="999" offsetend="1003" sl="186" fileid="3" />
                <BranchPoint vc="54846" uspid="186" ordinal="70" path="0" offset="999" offsetend="1013" sl="186" fileid="3" />
              </BranchPoints>
              <MethodPoint vc="103" uspid="0" p8:type="SequencePoint" ordinal="9" offset="9" sc="0" sl="56" ec="1" el="193" bec="0" bev="0" fileid="3" xmlns:p8="xsi" />
            </Method>
            <Method cyclomaticComplexity="1" nPathComplexity="0" sequenceCoverage="100" branchCoverage="100" isConstructor="True" isGetter="False" isSetter="False" isStatic="True">
              <Summary numSequencePoints="7" visitedSequencePoints="7" numBranchPoints="0" visitedBranchPoints="0" sequenceCoverage="100" branchCoverage="100" maxCyclomaticComplexity="1" minCyclomaticComplexity="1" visitedClasses="0" numClasses="0" visitedMethods="1" numMethods="1" />
              <MetadataToken />
              <Name>System.Void Poker.Player::.ctor(System.String)</Name>
              <FileRef uid="3" />
              <SequencePoints>
                <SequencePoint vc="436681" uspid="19" ordinal="0" sl="19" sc="1" el="19" ec="2" bec="0" bev="0" fileid="3" />
                <SequencePoint vc="436681" uspid="20" ordinal="1" sl="20" sc="1" el="20" ec="2" bec="0" bev="0" fileid="3" />
                <SequencePoint vc="436681" uspid="21" ordinal="2" sl="21" sc="1" el="21" ec="2" bec="0" bev="0" fileid="3" />
                <SequencePoint vc="436681" uspid="22" ordinal="3" sl="22" sc="1" el="22" ec="2" bec="0" bev="0" fileid="3" />
                <SequencePoint vc="436681" uspid="23" ordinal="4" sl="23" sc="1" el="23" ec="2" bec="0" bev="0" fileid="3" />
                <SequencePoint vc="436681" uspid="24" ordinal="5" sl="24" sc="1" el="24" ec="2" bec="0" bev="0" fileid="3" />
                <SequencePoint vc="436681" uspid="25" ordinal="6" sl="25" sc="1" el="25" ec="2" bec="0" bev="0" fileid="3" />
              </SequencePoints>
              <BranchPoints />
              <MethodPoint vc="7" uspid="0" p8:type="SequencePoint" ordinal="10" offset="10" sc="0" sl="19" ec="1" el="25" bec="0" bev="0" fileid="3" xmlns:p8="xsi" />
            </Method>
          </Methods>
        </Class>
        <Class>
          <Summary numSequencePoints="12" visitedSequencePoints="12" numBranchPoints="0" visitedBranchPoints="0" sequenceCoverage="100" branchCoverage="100" maxCyclomaticComplexity="1" minCyclomaticComplexity="1" visitedClasses="1" numClasses="1" visitedMethods="2" numMethods="2" />
          <FullName>Poker.Lib.GameFactory</FullName>
          <Methods>
            <Method cyclomaticComplexity="1" nPathComplexity="0" sequenceCoverage="100" branchCoverage="100" isConstructor="True" isGetter="False" isSetter="False" isStatic="True">
              <Summary numSequencePoints="4" visitedSequencePoints="4" numBranchPoints="0" visitedBranchPoints="0" sequenceCoverage="100" branchCoverage="100" maxCyclomaticComplexity="1" minCyclomaticComplexity="1" visitedClasses="0" numClasses="0" visitedMethods="1" numMethods="1" />
              <MetadataToken />
              <Name>Poker.Lib.IPokerGame Poker.Lib.GameFactory::NewGame(System.String[])</Name>
              <FileRef uid="4" />
              <SequencePoints>
                <SequencePoint vc="5" uspid="10" ordinal="0" sl="10" sc="1" el="10" ec="2" bec="0" bev="0" fileid="4" />
                <SequencePoint vc="5" uspid="11" ordinal="1" sl="11" sc="1" el="11" ec="2" bec="0" bev="0" fileid="4" />
                <SequencePoint vc="5" uspid="12" ordinal="2" sl="12" sc="1" el="12" ec="2" bec="0" bev="0" fileid="4" />
                <SequencePoint vc="5" uspid="13" ordinal="3" sl="13" sc="1" el="13" ec="2" bec="0" bev="0" fileid="4" />
              </SequencePoints>
              <BranchPoints />
              <MethodPoint vc="4" uspid="0" p8:type="SequencePoint" ordinal="0" offset="0" sc="0" sl="10" ec="1" el="13" bec="0" bev="0" fileid="4" xmlns:p8="xsi" />
            </Method>
            <Method cyclomaticComplexity="1" nPathComplexity="0" sequenceCoverage="100" branchCoverage="100" isConstructor="True" isGetter="False" isSetter="False" isStatic="True">
              <Summary numSequencePoints="8" visitedSequencePoints="8" numBranchPoints="0" visitedBranchPoints="0" sequenceCoverage="100" branchCoverage="100" maxCyclomaticComplexity="1" minCyclomaticComplexity="1" visitedClasses="0" numClasses="0" visitedMethods="1" numMethods="1" />
              <MetadataToken />
              <Name>Poker.Lib.IPokerGame Poker.Lib.GameFactory::LoadGame(System.String)</Name>
              <FileRef uid="4" />
              <SequencePoints>
                <SequencePoint vc="2" uspid="16" ordinal="0" sl="16" sc="1" el="16" ec="2" bec="0" bev="0" fileid="4" />
                <SequencePoint vc="2" uspid="18" ordinal="1" sl="18" sc="1" el="18" ec="2" bec="0" bev="0" fileid="4" />
                <SequencePoint vc="2" uspid="19" ordinal="2" sl="19" sc="1" el="19" ec="2" bec="0" bev="0" fileid="4" />
                <SequencePoint vc="2" uspid="20" ordinal="3" sl="20" sc="1" el="20" ec="2" bec="0" bev="0" fileid="4" />
                <SequencePoint vc="2" uspid="21" ordinal="4" sl="21" sc="1" el="21" ec="2" bec="0" bev="0" fileid="4" />
                <SequencePoint vc="2" uspid="22" ordinal="5" sl="22" sc="1" el="22" ec="2" bec="0" bev="0" fileid="4" />
                <SequencePoint vc="2" uspid="23" ordinal="6" sl="23" sc="1" el="23" ec="2" bec="0" bev="0" fileid="4" />
                <SequencePoint vc="2" uspid="24" ordinal="7" sl="24" sc="1" el="24" ec="2" bec="0" bev="0" fileid="4" />
              </SequencePoints>
              <BranchPoints />
              <MethodPoint vc="8" uspid="0" p8:type="SequencePoint" ordinal="1" offset="1" sc="0" sl="16" ec="1" el="24" bec="0" bev="0" fileid="4" xmlns:p8="xsi" />
            </Method>
          </Methods>
        </Class>
        <Class>
          <Summary numSequencePoints="314" visitedSequencePoints="301" numBranchPoints="148" visitedBranchPoints="143" sequenceCoverage="95.85" branchCoverage="96.62" maxCyclomaticComplexity="140" minCyclomaticComplexity="1" visitedClasses="1" numClasses="1" visitedMethods="8" numMethods="8" />
          <FullName>Poker.Lib.PokerGame</FullName>
          <Methods>
            <Method cyclomaticComplexity="1" nPathComplexity="0" sequenceCoverage="100" branchCoverage="100" isConstructor="False" isGetter="True" isSetter="False" isStatic="True">
              <Summary numSequencePoints="1" visitedSequencePoints="1" numBranchPoints="0" visitedBranchPoints="0" sequenceCoverage="100" branchCoverage="100" maxCyclomaticComplexity="1" minCyclomaticComplexity="1" visitedClasses="0" numClasses="0" visitedMethods="1" numMethods="1" />
              <MetadataToken />
              <Name>Poker.IPlayer[] Poker.Lib.PokerGame::get_Players()</Name>
              <FileRef uid="5" />
              <SequencePoints>
                <SequencePoint vc="473526" uspid="14" ordinal="0" sl="14" sc="1" el="14" ec="2" bec="0" bev="0" fileid="5" />
              </SequencePoints>
              <BranchPoints />
              <MethodPoint vc="1" uspid="0" p8:type="SequencePoint" ordinal="0" offset="0" sc="0" sl="14" ec="1" el="14" bec="0" bev="0" fileid="5" xmlns:p8="xsi" />
            </Method>
            <Method cyclomaticComplexity="1" nPathComplexity="0" sequenceCoverage="100" branchCoverage="100" isConstructor="False" isGetter="True" isSetter="False" isStatic="True">
              <Summary numSequencePoints="1" visitedSequencePoints="1" numBranchPoints="0" visitedBranchPoints="0" sequenceCoverage="100" branchCoverage="100" maxCyclomaticComplexity="1" minCyclomaticComplexity="1" visitedClasses="0" numClasses="0" visitedMethods="1" numMethods="1" />
              <MetadataToken />
              <Name>System.Boolean Poker.Lib.PokerGame::get_gameAlive()</Name>
              <FileRef uid="5" />
              <SequencePoints>
                <SequencePoint vc="9607" uspid="16" ordinal="0" sl="16" sc="1" el="16" ec="2" bec="0" bev="0" fileid="5" />
              </SequencePoints>
              <BranchPoints />
              <MethodPoint vc="1" uspid="0" p8:type="SequencePoint" ordinal="1" offset="1" sc="0" sl="16" ec="1" el="16" bec="0" bev="0" fileid="5" xmlns:p8="xsi" />
            </Method>
            <Method cyclomaticComplexity="6" nPathComplexity="0" sequenceCoverage="88.46" branchCoverage="83.33" isConstructor="False" isGetter="False" isSetter="False" isStatic="True">
              <Summary numSequencePoints="26" visitedSequencePoints="23" numBranchPoints="6" visitedBranchPoints="5" sequenceCoverage="88.46" branchCoverage="83.33" maxCyclomaticComplexity="6" minCyclomaticComplexity="6" visitedClasses="0" numClasses="0" visitedMethods="1" numMethods="1" />
              <MetadataToken />
              <Name>System.Void Poker.Lib.PokerGame::RunGame()</Name>
              <FileRef uid="5" />
              <SequencePoints>
                <SequencePoint vc="1" uspid="33" ordinal="0" sl="33" sc="1" el="33" ec="2" bec="0" bev="0" fileid="5" />
                <SequencePoint vc="1" uspid="34" ordinal="1" sl="34" sc="1" el="34" ec="2" bec="0" bev="0" fileid="5" />
                <SequencePoint vc="1" uspid="35" ordinal="2" sl="35" sc="1" el="35" ec="2" bec="0" bev="0" fileid="5" />
                <SequencePoint vc="1" uspid="36" ordinal="3" sl="36" sc="1" el="36" ec="2" bec="0" bev="0" fileid="5" />
                <SequencePoint vc="9596" uspid="37" ordinal="4" sl="37" sc="1" el="37" ec="2" bec="2" bev="2" fileid="5" />
                <SequencePoint vc="9595" uspid="38" ordinal="5" sl="38" sc="1" el="38" ec="2" bec="0" bev="0" fileid="5" />
                <SequencePoint vc="9595" uspid="39" ordinal="6" sl="39" sc="1" el="39" ec="2" bec="0" bev="0" fileid="5" />
                <SequencePoint vc="9595" uspid="40" ordinal="7" sl="40" sc="1" el="40" ec="2" bec="0" bev="0" fileid="5" />
                <SequencePoint vc="9595" uspid="41" ordinal="8" sl="41" sc="1" el="41" ec="2" bec="0" bev="0" fileid="5" />
                <SequencePoint vc="124735" uspid="42" ordinal="9" sl="42" sc="1" el="42" ec="2" bec="2" bev="2" fileid="5" />
                <SequencePoint vc="47975" uspid="43" ordinal="10" sl="43" sc="1" el="43" ec="2" bec="0" bev="0" fileid="5" />
                <SequencePoint vc="47975" uspid="44" ordinal="11" sl="44" sc="1" el="44" ec="2" bec="0" bev="0" fileid="5" />
                <SequencePoint vc="47975" uspid="45" ordinal="12" sl="45" sc="1" el="45" ec="2" bec="0" bev="0" fileid="5" />
                <SequencePoint vc="47975" uspid="46" ordinal="13" sl="46" sc="1" el="46" ec="2" bec="0" bev="0" fileid="5" />
                <SequencePoint vc="47975" uspid="47" ordinal="14" sl="47" sc="1" el="47" ec="2" bec="0" bev="0" fileid="5" />
                <SequencePoint vc="47975" uspid="48" ordinal="15" sl="48" sc="1" el="48" ec="2" bec="0" bev="0" fileid="5" />
                <SequencePoint vc="47975" uspid="49" ordinal="16" sl="49" sc="1" el="49" ec="2" bec="2" bev="1" fileid="5" />
                <SequencePoint vc="0" uspid="50" ordinal="17" sl="50" sc="1" el="50" ec="2" bec="0" bev="0" fileid="5" />
                <SequencePoint vc="0" uspid="51" ordinal="18" sl="51" sc="1" el="51" ec="2" bec="0" bev="0" fileid="5" />
                <SequencePoint vc="0" uspid="52" ordinal="19" sl="52" sc="1" el="52" ec="2" bec="0" bev="0" fileid="5" />
                <SequencePoint vc="47975" uspid="53" ordinal="20" sl="53" sc="1" el="53" ec="2" bec="0" bev="0" fileid="5" />
                <SequencePoint vc="47975" uspid="54" ordinal="21" sl="54" sc="1" el="54" ec="2" bec="0" bev="0" fileid="5" />
                <SequencePoint vc="9595" uspid="55" ordinal="22" sl="55" sc="1" el="55" ec="2" bec="0" bev="0" fileid="5" />
                <SequencePoint vc="9595" uspid="56" ordinal="23" sl="56" sc="1" el="56" ec="2" bec="0" bev="0" fileid="5" />
                <SequencePoint vc="9595" uspid="57" ordinal="24" sl="57" sc="1" el="57" ec="2" bec="0" bev="0" fileid="5" />
                <SequencePoint vc="1" uspid="58" ordinal="25" sl="58" sc="1" el="58" ec="2" bec="0" bev="0" fileid="5" />
              </SequencePoints>
              <BranchPoints>
                <BranchPoint vc="9595" uspid="37" ordinal="5" path="1" offset="227" offsetend="31" sl="37" fileid="5" />
                <BranchPoint vc="47975" uspid="42" ordinal="3" path="1" offset="188" offsetend="76" sl="42" fileid="5" />
                <BranchPoint vc="0" uspid="49" ordinal="0" path="0" offset="155" offsetend="157" sl="49" fileid="5" />
                <BranchPoint vc="47975" uspid="49" ordinal="1" path="1" offset="155" offsetend="172" sl="49" fileid="5" />
                <BranchPoint vc="9595" uspid="42" ordinal="2" path="0" offset="188" offsetend="190" sl="42" fileid="5" />
                <BranchPoint vc="1" uspid="37" ordinal="4" path="0" offset="227" offsetend="232" sl="37" fileid="5" />
              </BranchPoints>
              <MethodPoint vc="23" uspid="0" p8:type="SequencePoint" ordinal="2" offset="2" sc="0" sl="33" ec="1" el="58" bec="0" bev="0" fileid="5" xmlns:p8="xsi" />
            </Method>
            <Method cyclomaticComplexity="1" nPathComplexity="0" sequenceCoverage="100" branchCoverage="100" isConstructor="False" isGetter="False" isSetter="False" isStatic="True">
              <Summary numSequencePoints="3" visitedSequencePoints="3" numBranchPoints="0" visitedBranchPoints="0" sequenceCoverage="100" branchCoverage="100" maxCyclomaticComplexity="1" minCyclomaticComplexity="1" visitedClasses="0" numClasses="0" visitedMethods="1" numMethods="1" />
              <MetadataToken />
              <Name>System.Void Poker.Lib.PokerGame::Exit()</Name>
              <FileRef uid="5" />
              <SequencePoints>
                <SequencePoint vc="1" uspid="60" ordinal="0" sl="60" sc="1" el="60" ec="2" bec="0" bev="0" fileid="5" />
                <SequencePoint vc="1" uspid="61" ordinal="1" sl="61" sc="1" el="61" ec="2" bec="0" bev="0" fileid="5" />
                <SequencePoint vc="1" uspid="62" ordinal="2" sl="62" sc="1" el="62" ec="2" bec="0" bev="0" fileid="5" />
              </SequencePoints>
              <BranchPoints />
              <MethodPoint vc="3" uspid="0" p8:type="SequencePoint" ordinal="3" offset="3" sc="0" sl="60" ec="1" el="62" bec="0" bev="0" fileid="5" xmlns:p8="xsi" />
            </Method>
            <Method cyclomaticComplexity="1" nPathComplexity="0" sequenceCoverage="100" branchCoverage="100" isConstructor="False" isGetter="False" isSetter="False" isStatic="True">
              <Summary numSequencePoints="8" visitedSequencePoints="8" numBranchPoints="0" visitedBranchPoints="0" sequenceCoverage="100" branchCoverage="100" maxCyclomaticComplexity="1" minCyclomaticComplexity="1" visitedClasses="0" numClasses="0" visitedMethods="1" numMethods="1" />
              <MetadataToken />
              <Name>System.Void Poker.Lib.PokerGame::SaveGameAndExit(System.String)</Name>
              <FileRef uid="5" />
              <SequencePoints>
                <SequencePoint vc="2" uspid="65" ordinal="0" sl="65" sc="1" el="65" ec="2" bec="0" bev="0" fileid="5" />
                <SequencePoint vc="2" uspid="66" ordinal="1" sl="66" sc="1" el="66" ec="2" bec="0" bev="0" fileid="5" />
                <SequencePoint vc="2" uspid="67" ordinal="2" sl="67" sc="1" el="67" ec="2" bec="0" bev="0" fileid="5" />
                <SequencePoint vc="2" uspid="68" ordinal="3" sl="68" sc="1" el="68" ec="2" bec="0" bev="0" fileid="5" />
                <SequencePoint vc="2" uspid="69" ordinal="4" sl="69" sc="1" el="69" ec="2" bec="0" bev="0" fileid="5" />
                <SequencePoint vc="2" uspid="70" ordinal="5" sl="70" sc="1" el="70" ec="2" bec="0" bev="0" fileid="5" />
                <SequencePoint vc="2" uspid="71" ordinal="6" sl="71" sc="1" el="71" ec="2" bec="0" bev="0" fileid="5" />
                <SequencePoint vc="2" uspid="72" ordinal="7" sl="72" sc="1" el="72" ec="2" bec="0" bev="0" fileid="5" />
              </SequencePoints>
              <BranchPoints />
              <MethodPoint vc="8" uspid="0" p8:type="SequencePoint" ordinal="4" offset="4" sc="0" sl="65" ec="1" el="72" bec="0" bev="0" fileid="5" xmlns:p8="xsi" />
            </Method>
            <Method cyclomaticComplexity="140" nPathComplexity="0" sequenceCoverage="96.19" branchCoverage="97.14" isConstructor="False" isGetter="False" isSetter="False" isStatic="True">
              <Summary numSequencePoints="263" visitedSequencePoints="253" numBranchPoints="140" visitedBranchPoints="136" sequenceCoverage="96.19" branchCoverage="97.14" maxCyclomaticComplexity="140" minCyclomaticComplexity="140" visitedClasses="0" numClasses="0" visitedMethods="1" numMethods="1" />
              <MetadataToken />
              <Name>System.Void Poker.Lib.PokerGame::HandleResult(Poker.IPlayer[],Poker.Dealer)</Name>
              <FileRef uid="5" />
              <SequencePoints>
                <SequencePoint vc="64603" uspid="75" ordinal="0" sl="75" sc="1" el="75" ec="2" bec="0" bev="0" fileid="5" />
                <SequencePoint vc="64603" uspid="76" ordinal="1" sl="76" sc="1" el="76" ec="2" bec="0" bev="0" fileid="5" />
                <SequencePoint vc="64603" uspid="77" ordinal="2" sl="77" sc="1" el="77" ec="2" bec="0" bev="0" fileid="5" />
                <SequencePoint vc="387618" uspid="78" ordinal="3" sl="78" sc="1" el="78" ec="2" bec="0" bev="0" fileid="5" />
                <SequencePoint vc="64603" uspid="79" ordinal="4" sl="79" sc="1" el="79" ec="2" bec="0" bev="0" fileid="5" />
                <SequencePoint vc="839839" uspid="80" ordinal="5" sl="80" sc="1" el="80" ec="2" bec="2" bev="2" fileid="5" />
                <SequencePoint vc="323015" uspid="81" ordinal="6" sl="81" sc="1" el="81" ec="2" bec="0" bev="0" fileid="5" />
                <SequencePoint vc="323015" uspid="82" ordinal="7" sl="82" sc="1" el="82" ec="2" bec="2" bev="2" fileid="5" />
                <SequencePoint vc="294108" uspid="83" ordinal="8" sl="83" sc="1" el="83" ec="2" bec="0" bev="0" fileid="5" />
                <SequencePoint vc="294108" uspid="84" ordinal="9" sl="84" sc="1" el="84" ec="2" bec="0" bev="0" fileid="5" />
                <SequencePoint vc="294108" uspid="85" ordinal="10" sl="85" sc="1" el="85" ec="2" bec="0" bev="0" fileid="5" />
                <SequencePoint vc="323015" uspid="86" ordinal="11" sl="86" sc="1" el="86" ec="2" bec="0" bev="0" fileid="5" />
                <SequencePoint vc="358711" uspid="88" ordinal="12" sl="88" sc="1" el="88" ec="2" bec="0" bev="0" fileid="5" />
                <SequencePoint vc="64603" uspid="90" ordinal="13" sl="90" sc="1" el="90" ec="2" bec="0" bev="0" fileid="5" />
                <SequencePoint vc="64603" uspid="92" ordinal="14" sl="92" sc="1" el="92" ec="2" bec="2" bev="2" fileid="5" />
                <SequencePoint vc="560" uspid="93" ordinal="15" sl="93" sc="1" el="93" ec="2" bec="2" bev="2" fileid="5" />
                <SequencePoint vc="112" uspid="94" ordinal="16" sl="94" sc="1" el="94" ec="2" bec="0" bev="0" fileid="5" />
                <SequencePoint vc="112" uspid="95" ordinal="17" sl="95" sc="1" el="95" ec="2" bec="0" bev="0" fileid="5" />
                <SequencePoint vc="64491" uspid="97" ordinal="18" sl="97" sc="1" el="97" ec="2" bec="4" bev="4" fileid="5" />
                <SequencePoint vc="2113" uspid="98" ordinal="19" sl="98" sc="1" el="98" ec="2" bec="0" bev="0" fileid="5" />
                <SequencePoint vc="11944" uspid="99" ordinal="20" sl="99" sc="1" el="99" ec="2" bec="2" bev="2" fileid="5" />
                <SequencePoint vc="3859" uspid="100" ordinal="21" sl="100" sc="1" el="100" ec="2" bec="0" bev="0" fileid="5" />
                <SequencePoint vc="3859" uspid="101" ordinal="22" sl="101" sc="1" el="101" ec="2" bec="2" bev="2" fileid="5" />
                <SequencePoint vc="80" uspid="102" ordinal="23" sl="102" sc="1" el="102" ec="2" bec="0" bev="0" fileid="5" />
                <SequencePoint vc="80" uspid="103" ordinal="24" sl="103" sc="1" el="103" ec="2" bec="0" bev="0" fileid="5" />
                <SequencePoint vc="80" uspid="104" ordinal="25" sl="104" sc="1" el="104" ec="2" bec="0" bev="0" fileid="5" />
                <SequencePoint vc="3859" uspid="105" ordinal="26" sl="105" sc="1" el="105" ec="2" bec="0" bev="0" fileid="5" />
                <SequencePoint vc="2113" uspid="106" ordinal="27" sl="106" sc="1" el="106" ec="2" bec="0" bev="0" fileid="5" />
                <SequencePoint vc="62378" uspid="108" ordinal="28" sl="108" sc="1" el="108" ec="2" bec="2" bev="2" fileid="5" />
                <SequencePoint vc="1130" uspid="109" ordinal="29" sl="109" sc="1" el="109" ec="2" bec="0" bev="0" fileid="5" />
                <SequencePoint vc="13952" uspid="110" ordinal="30" sl="110" sc="1" el="110" ec="2" bec="2" bev="2" fileid="5" />
                <SequencePoint vc="5281" uspid="111" ordinal="31" sl="111" sc="1" el="111" ec="2" bec="0" bev="0" fileid="5" />
                <SequencePoint vc="23308" uspid="112" ordinal="32" sl="112" sc="1" el="112" ec="2" bec="2" bev="2" fileid="5" />
                <SequencePoint vc="10380" uspid="113" ordinal="33" sl="113" sc="1" el="113" ec="2" bec="0" bev="0" fileid="5" />
                <SequencePoint vc="10380" uspid="114" ordinal="34" sl="114" sc="1" el="114" ec="2" bec="2" bev="1" fileid="5" />
                <SequencePoint vc="0" uspid="115" ordinal="35" sl="115" sc="1" el="115" ec="2" bec="0" bev="0" fileid="5" />
                <SequencePoint vc="0" uspid="116" ordinal="36" sl="116" sc="1" el="116" ec="2" bec="0" bev="0" fileid="5" />
                <SequencePoint vc="0" uspid="117" ordinal="37" sl="117" sc="1" el="117" ec="2" bec="0" bev="0" fileid="5" />
                <SequencePoint vc="10380" uspid="119" ordinal="38" sl="119" sc="1" el="119" ec="2" bec="2" bev="2" fileid="5" />
                <SequencePoint vc="4007" uspid="120" ordinal="39" sl="120" sc="1" el="120" ec="2" bec="0" bev="0" fileid="5" />
                <SequencePoint vc="4007" uspid="121" ordinal="40" sl="121" sc="1" el="121" ec="2" bec="0" bev="0" fileid="5" />
                <SequencePoint vc="6373" uspid="123" ordinal="41" sl="123" sc="1" el="123" ec="2" bec="0" bev="0" fileid="5" />
                <SequencePoint vc="5281" uspid="124" ordinal="42" sl="124" sc="1" el="124" ec="2" bec="0" bev="0" fileid="5" />
                <SequencePoint vc="0" uspid="125" ordinal="43" sl="125" sc="1" el="125" ec="2" bec="0" bev="0" fileid="5" />
                <SequencePoint vc="13952" uspid="126" ordinal="44" sl="126" sc="1" el="126" ec="2" bec="2" bev="2" fileid="5" />
                <SequencePoint vc="5281" uspid="127" ordinal="45" sl="127" sc="1" el="127" ec="2" bec="0" bev="0" fileid="5" />
                <SequencePoint vc="5281" uspid="128" ordinal="46" sl="128" sc="1" el="128" ec="2" bec="0" bev="0" fileid="5" />
                <SequencePoint vc="63372" uspid="129" ordinal="47" sl="129" sc="1" el="129" ec="2" bec="2" bev="2" fileid="5" />
                <SequencePoint vc="26405" uspid="130" ordinal="48" sl="130" sc="1" el="130" ec="2" bec="0" bev="0" fileid="5" />
                <SequencePoint vc="26405" uspid="131" ordinal="49" sl="131" sc="1" el="131" ec="2" bec="2" bev="2" fileid="5" />
                <SequencePoint vc="7999" uspid="132" ordinal="50" sl="132" sc="1" el="132" ec="2" bec="0" bev="0" fileid="5" />
                <SequencePoint vc="7999" uspid="133" ordinal="51" sl="133" sc="1" el="133" ec="2" bec="0" bev="0" fileid="5" />
                <SequencePoint vc="7999" uspid="134" ordinal="52" sl="134" sc="1" el="134" ec="2" bec="0" bev="0" fileid="5" />
                <SequencePoint vc="26405" uspid="135" ordinal="53" sl="135" sc="1" el="135" ec="2" bec="0" bev="0" fileid="5" />
                <SequencePoint vc="5281" uspid="136" ordinal="54" sl="136" sc="1" el="136" ec="2" bec="2" bev="2" fileid="5" />
                <SequencePoint vc="1274" uspid="137" ordinal="55" sl="137" sc="1" el="137" ec="2" bec="0" bev="0" fileid="5" />
                <SequencePoint vc="1274" uspid="138" ordinal="56" sl="138" sc="1" el="138" ec="2" bec="0" bev="0" fileid="5" />
                <SequencePoint vc="1274" uspid="139" ordinal="57" sl="139" sc="1" el="139" ec="2" bec="0" bev="0" fileid="5" />
                <SequencePoint vc="5281" uspid="140" ordinal="58" sl="140" sc="1" el="140" ec="2" bec="0" bev="0" fileid="5" />
                <SequencePoint vc="1130" uspid="141" ordinal="59" sl="141" sc="1" el="141" ec="2" bec="0" bev="0" fileid="5" />
                <SequencePoint vc="61248" uspid="143" ordinal="60" sl="143" sc="1" el="143" ec="2" bec="6" bev="6" fileid="5" />
                <SequencePoint vc="13531" uspid="144" ordinal="61" sl="144" sc="1" el="144" ec="2" bec="0" bev="0" fileid="5" />
                <SequencePoint vc="167851" uspid="145" ordinal="62" sl="145" sc="1" el="145" ec="2" bec="2" bev="2" fileid="5" />
                <SequencePoint vc="63629" uspid="146" ordinal="63" sl="146" sc="1" el="146" ec="2" bec="0" bev="0" fileid="5" />
                <SequencePoint vc="63629" uspid="147" ordinal="64" sl="147" sc="1" el="147" ec="2" bec="2" bev="2" fileid="5" />
                <SequencePoint vc="9062" uspid="148" ordinal="65" sl="148" sc="1" el="148" ec="2" bec="0" bev="0" fileid="5" />
                <SequencePoint vc="9062" uspid="149" ordinal="66" sl="149" sc="1" el="149" ec="2" bec="0" bev="0" fileid="5" />
                <SequencePoint vc="9062" uspid="150" ordinal="67" sl="150" sc="1" el="150" ec="2" bec="0" bev="0" fileid="5" />
                <SequencePoint vc="63629" uspid="151" ordinal="68" sl="151" sc="1" el="151" ec="2" bec="4" bev="4" fileid="5" />
[...]
                <BranchPoint vc="62378" uspid="97" ordinal="10" path="0" offset="265" offsetend="385" sl="97" fileid="5" />
                <BranchPoint vc="1130" uspid="108" ordinal="17" path="1" offset="392" offsetend="399" sl="108" fileid="5" />
                <BranchPoint vc="5281" uspid="110" ordinal="25" path="1" offset="550" offsetend="419" sl="110" fileid="5" />
                <BranchPoint vc="10380" uspid="112" ordinal="23" path="1" offset="540" offsetend="434" sl="112" fileid="5" />
                <BranchPoint vc="0" uspid="114" ordinal="18" path="0" offset="471" offsetend="473" sl="114" fileid="5" />
                <BranchPoint vc="10380" uspid="114" ordinal="19" path="1" offset="471" offsetend="480" sl="114" fileid="5" />
                <BranchPoint vc="4007" uspid="119" ordinal="20" path="0" offset="516" offsetend="518" sl="119" fileid="5" />
                <BranchPoint vc="6373" uspid="119" ordinal="21" path="1" offset="516" offsetend="521" sl="119" fileid="5" />
                <BranchPoint vc="5281" uspid="112" ordinal="22" path="0" offset="540" offsetend="542" sl="112" fileid="5" />
                <BranchPoint vc="1130" uspid="110" ordinal="24" path="0" offset="550" offsetend="555" sl="110" fileid="5" />
                <BranchPoint vc="5281" uspid="126" ordinal="33" path="1" offset="741" offsetend="628" sl="126" fileid="5" />
                <BranchPoint vc="26405" uspid="129" ordinal="29" path="1" offset="709" offsetend="646" sl="129" fileid="5" />
                <BranchPoint vc="7999" uspid="131" ordinal="26" path="0" offset="683" offsetend="685" sl="131" fileid="5" />
                <BranchPoint vc="26405" uspid="131" ordinal="27" path="1" offset="683" offsetend="693" sl="131" fileid="5" />
                <BranchPoint vc="5281" uspid="129" ordinal="28" path="0" offset="709" offsetend="711" sl="129" fileid="5" />
                <BranchPoint vc="1274" uspid="136" ordinal="30" path="0" offset="720" offsetend="722" sl="136" fileid="5" />
                <BranchPoint vc="5281" uspid="136" ordinal="31" path="1" offset="720" offsetend="733" sl="136" fileid="5" />
                <BranchPoint vc="1130" uspid="126" ordinal="32" path="0" offset="741" offsetend="743" sl="126" fileid="5" />
                <BranchPoint vc="61248" uspid="108" ordinal="16" path="0" offset="392" offsetend="765" sl="108" fileid="5" />
                <BranchPoint vc="60141" uspid="143" ordinal="34" path="0" offset="772" offsetend="774" sl="143" fileid="5" />
                <BranchPoint vc="48749" uspid="143" ordinal="36" path="0" offset="777" offsetend="779" sl="143" fileid="5" />
                <BranchPoint vc="13531" uspid="143" ordinal="35" path="1" offset="772" offsetend="789" sl="143" fileid="5" />
                <BranchPoint vc="13531" uspid="143" ordinal="37" path="1" offset="777" offsetend="789" sl="143" fileid="5" />
                <BranchPoint vc="13531" uspid="143" ordinal="39" path="1" offset="782" offsetend="789" sl="143" fileid="5" />
                <BranchPoint vc="63629" uspid="145" ordinal="47" path="1" offset="919" offsetend="809" sl="145" fileid="5" />
                <BranchPoint vc="9062" uspid="147" ordinal="40" path="0" offset="853" offsetend="855" sl="147" fileid="5" />
                <BranchPoint vc="63629" uspid="147" ordinal="41" path="1" offset="853" offsetend="861" sl="147" fileid="5" />
                <BranchPoint vc="24633" uspid="151" ordinal="42" path="0" offset="880" offsetend="882" sl="151" fileid="5" />
                <BranchPoint vc="38996" uspid="151" ordinal="43" path="1" offset="880" offsetend="893" sl="151" fileid="5" />
                <BranchPoint vc="2040" uspid="151" ordinal="44" path="0" offset="898" offsetend="900" sl="151" fileid="5" />
                <BranchPoint vc="63629" uspid="151" ordinal="45" path="1" offset="898" offsetend="911" sl="151" fileid="5" />
                <BranchPoint vc="13531" uspid="145" ordinal="46" path="0" offset="919" offsetend="921" sl="145" fileid="5" />
                <BranchPoint vc="47717" uspid="143" ordinal="38" path="0" offset="782" offsetend="952" sl="143" fileid="5" />
                <BranchPoint vc="12560" uspid="159" ordinal="49" path="1" offset="959" offsetend="966" sl="159" fileid="5" />
                <BranchPoint vc="55517" uspid="161" ordinal="61" path="1" offset="1191" offsetend="987" sl="161" fileid="5" />
                <BranchPoint vc="55517" uspid="167" ordinal="50" path="0" offset="1054" offsetend="1056" sl="167" fileid="5" />
                <BranchPoint vc="0" uspid="167" ordinal="51" path="1" offset="1054" offsetend="1060" sl="167" fileid="5" />
                <BranchPoint vc="0" uspid="168" ordinal="52" path="0" offset="1070" offsetend="1072" sl="168" fileid="5" />
                <BranchPoint vc="55517" uspid="168" ordinal="53" path="1" offset="1070" offsetend="1076" sl="168" fileid="5" />
                <BranchPoint vc="277585" uspid="169" ordinal="59" path="1" offset="1168" offsetend="1100" sl="169" fileid="5" />
                <BranchPoint vc="166551" uspid="171" ordinal="54" path="0" offset="1117" offsetend="1119" sl="171" fileid="5" />
                <BranchPoint vc="111034" uspid="171" ordinal="55" path="1" offset="1117" offsetend="1135" sl="171" fileid="5" />
                <BranchPoint vc="55517" uspid="171" ordinal="56" path="0" offset="1140" offsetend="1142" sl="171" fileid="5" />
                <BranchPoint vc="277585" uspid="171" ordinal="57" path="1" offset="1140" offsetend="1155" sl="171" fileid="5" />
                <BranchPoint vc="55517" uspid="169" ordinal="58" path="0" offset="1168" offsetend="1170" sl="169" fileid="5" />
                <BranchPoint vc="12560" uspid="161" ordinal="60" path="0" offset="1191" offsetend="1196" sl="161" fileid="5" />
                <BranchPoint vc="55517" uspid="180" ordinal="77" path="1" offset="1503" offsetend="1226" sl="180" fileid="5" />
                <BranchPoint vc="5632" uspid="182" ordinal="62" path="0" offset="1244" offsetend="1246" sl="182" fileid="5" />
                <BranchPoint vc="49885" uspid="182" ordinal="63" path="1" offset="1244" offsetend="1278" sl="182" fileid="5" />
                <BranchPoint vc="16196" uspid="188" ordinal="64" path="0" offset="1295" offsetend="1300" sl="188" fileid="5" />
                <BranchPoint vc="312" uspid="190" ordinal="66" path="0" offset="1318" offsetend="1320" sl="190" fileid="5" />
                <BranchPoint vc="15884" uspid="190" ordinal="67" path="1" offset="1318" offsetend="1352" sl="190" fileid="5" />
                <BranchPoint vc="15585" uspid="196" ordinal="68" path="0" offset="1369" offsetend="1371" sl="196" fileid="5" />
                <BranchPoint vc="0" uspid="198" ordinal="70" path="0" offset="1389" offsetend="1391" sl="198" fileid="5" />
                <BranchPoint vc="15585" uspid="198" ordinal="71" path="1" offset="1389" offsetend="1420" sl="198" fileid="5" />
                <BranchPoint vc="15357" uspid="204" ordinal="72" path="0" offset="1437" offsetend="1439" sl="204" fileid="5" />
                <BranchPoint vc="2797" uspid="206" ordinal="74" path="0" offset="1459" offsetend="1461" sl="206" fileid="5" />
                <BranchPoint vc="15357" uspid="206" ordinal="75" path="1" offset="1459" offsetend="1479" sl="206" fileid="5" />
                <BranchPoint vc="15585" uspid="204" ordinal="73" path="1" offset="1437" offsetend="1480" sl="204" fileid="5" />
                <BranchPoint vc="16196" uspid="196" ordinal="69" path="1" offset="1369" offsetend="1481" sl="196" fileid="5" />
                <BranchPoint vc="55517" uspid="188" ordinal="65" path="1" offset="1295" offsetend="1482" sl="188" fileid="5" />
                <BranchPoint vc="12560" uspid="180" ordinal="76" path="0" offset="1503" offsetend="1508" sl="180" fileid="5" />
                <BranchPoint vc="2752" uspid="215" ordinal="79" path="1" offset="1556" offsetend="1529" sl="215" fileid="5" />
                <BranchPoint vc="12560" uspid="215" ordinal="78" path="0" offset="1556" offsetend="1558" sl="215" fileid="5" />
                <BranchPoint vc="35157" uspid="159" ordinal="48" path="0" offset="959" offsetend="1580" sl="159" fileid="5" />
                <BranchPoint vc="20700" uspid="221" ordinal="81" path="1" offset="1587" offsetend="1594" sl="221" fileid="5" />
                <BranchPoint vc="87452" uspid="223" ordinal="91" path="1" offset="1906" offsetend="1615" sl="223" fileid="5" />
                <BranchPoint vc="437260" uspid="229" ordinal="89" path="1" offset="1880" offsetend="1645" sl="229" fileid="5" />
                <BranchPoint vc="87452" uspid="231" ordinal="82" path="0" offset="1655" offsetend="1657" sl="231" fileid="5" />
                <BranchPoint vc="349808" uspid="231" ordinal="83" path="1" offset="1655" offsetend="1689" sl="231" fileid="5" />
                <BranchPoint vc="87452" uspid="235" ordinal="84" path="0" offset="1739" offsetend="1741" sl="235" fileid="5" />
                <BranchPoint vc="262356" uspid="235" ordinal="85" path="1" offset="1739" offsetend="1793" sl="235" fileid="5" />
                <BranchPoint vc="207470" uspid="240" ordinal="86" path="0" offset="1825" offsetend="1827" sl="240" fileid="5" />
                <BranchPoint vc="437260" uspid="240" ordinal="87" path="1" offset="1825" offsetend="1861" sl="240" fileid="5" />
                <BranchPoint vc="87452" uspid="229" ordinal="88" path="0" offset="1880" offsetend="1885" sl="229" fileid="5" />
                <BranchPoint vc="20700" uspid="223" ordinal="90" path="0" offset="1906" offsetend="1911" sl="223" fileid="5" />
                <BranchPoint vc="87452" uspid="250" ordinal="111" path="1" offset="2293" offsetend="1941" sl="250" fileid="5" />
                <BranchPoint vc="10711" uspid="252" ordinal="92" path="0" offset="1959" offsetend="1961" sl="252" fileid="5" />
                <BranchPoint vc="76741" uspid="252" ordinal="93" path="1" offset="1959" offsetend="1993" sl="252" fileid="5" />
                <BranchPoint vc="41610" uspid="258" ordinal="94" path="0" offset="2010" offsetend="2015" sl="258" fileid="5" />
                <BranchPoint vc="13" uspid="260" ordinal="96" path="0" offset="2033" offsetend="2035" sl="260" fileid="5" />
                <BranchPoint vc="41597" uspid="260" ordinal="97" path="1" offset="2033" offsetend="2067" sl="260" fileid="5" />
                <BranchPoint vc="39916" uspid="266" ordinal="98" path="0" offset="2084" offsetend="2089" sl="266" fileid="5" />
                <BranchPoint vc="372" uspid="268" ordinal="100" path="0" offset="2107" offsetend="2109" sl="268" fileid="5" />
                <BranchPoint vc="39544" uspid="268" ordinal="101" path="1" offset="2107" offsetend="2141" sl="268" fileid="5" />
                <BranchPoint vc="39138" uspid="274" ordinal="102" path="0" offset="2158" offsetend="2160" sl="274" fileid="5" />
                <BranchPoint vc="22" uspid="276" ordinal="104" path="0" offset="2178" offsetend="2180" sl="276" fileid="5" />
                <BranchPoint vc="39116" uspid="276" ordinal="105" path="1" offset="2178" offsetend="2209" sl="276" fileid="5" />
                <BranchPoint vc="39101" uspid="282" ordinal="106" path="0" offset="2226" offsetend="2228" sl="282" fileid="5" />
                <BranchPoint vc="18401" uspid="284" ordinal="108" path="0" offset="2248" offsetend="2250" sl="284" fileid="5" />
                <BranchPoint vc="39101" uspid="284" ordinal="109" path="1" offset="2248" offsetend="2268" sl="284" fileid="5" />
                <BranchPoint vc="39138" uspid="282" ordinal="107" path="1" offset="2226" offsetend="2269" sl="282" fileid="5" />
                <BranchPoint vc="39916" uspid="274" ordinal="103" path="1" offset="2158" offsetend="2270" sl="274" fileid="5" />
                <BranchPoint vc="41610" uspid="266" ordinal="99" path="1" offset="2084" offsetend="2271" sl="266" fileid="5" />
                <BranchPoint vc="87452" uspid="258" ordinal="95" path="1" offset="2010" offsetend="2272" sl="258" fileid="5" />
                <BranchPoint vc="20700" uspid="250" ordinal="110" path="0" offset="2293" offsetend="2298" sl="250" fileid="5" />
                <BranchPoint vc="18304" uspid="294" ordinal="113" path="1" offset="2346" offsetend="2319" sl="294" fileid="5" />
                <BranchPoint vc="20700" uspid="294" ordinal="112" path="0" offset="2346" offsetend="2348" sl="294" fileid="5" />
                <BranchPoint vc="14457" uspid="221" ordinal="80" path="0" offset="1587" offsetend="2370" sl="221" fileid="5" />
                <BranchPoint vc="14457" uspid="300" ordinal="115" path="1" offset="2376" offsetend="2383" sl="300" fileid="5" />
                <BranchPoint vc="72285" uspid="302" ordinal="123" path="1" offset="2534" offsetend="2403" sl="302" fileid="5" />
                <BranchPoint vc="230019" uspid="304" ordinal="121" path="1" offset="2524" offsetend="2418" sl="304" fileid="5" />
                <BranchPoint vc="150" uspid="306" ordinal="116" path="0" offset="2455" offsetend="2457" sl="306" fileid="5" />
                <BranchPoint vc="229869" uspid="306" ordinal="117" path="1" offset="2455" offsetend="2464" sl="306" fileid="5" />
                <BranchPoint vc="39069" uspid="311" ordinal="118" path="0" offset="2500" offsetend="2502" sl="311" fileid="5" />
                <BranchPoint vc="190800" uspid="311" ordinal="119" path="1" offset="2500" offsetend="2505" sl="311" fileid="5" />
                <BranchPoint vc="72285" uspid="304" ordinal="120" path="0" offset="2524" offsetend="2526" sl="304" fileid="5" />
                <BranchPoint vc="14457" uspid="302" ordinal="122" path="0" offset="2534" offsetend="2539" sl="302" fileid="5" />
                <BranchPoint vc="72285" uspid="318" ordinal="131" path="1" offset="2725" offsetend="2612" sl="318" fileid="5" />
                <BranchPoint vc="361425" uspid="321" ordinal="127" path="1" offset="2693" offsetend="2630" sl="321" fileid="5" />
                <BranchPoint vc="215709" uspid="323" ordinal="124" path="0" offset="2667" offsetend="2669" sl="323" fileid="5" />
                <BranchPoint vc="361425" uspid="323" ordinal="125" path="1" offset="2667" offsetend="2677" sl="323" fileid="5" />
                <BranchPoint vc="72285" uspid="321" ordinal="126" path="0" offset="2693" offsetend="2695" sl="321" fileid="5" />
                <BranchPoint vc="33066" uspid="328" ordinal="128" path="0" offset="2704" offsetend="2706" sl="328" fileid="5" />
                <BranchPoint vc="72285" uspid="328" ordinal="129" path="1" offset="2704" offsetend="2717" sl="328" fileid="5" />
                <BranchPoint vc="14457" uspid="318" ordinal="130" path="0" offset="2725" offsetend="2727" sl="318" fileid="5" />
                <BranchPoint vc="64603" uspid="99" ordinal="14" path="0" offset="378" offsetend="2746" sl="99" fileid="5" />
                <BranchPoint vc="64603" uspid="300" ordinal="114" path="0" offset="2376" offsetend="2746" sl="300" fileid="5" />
                <BranchPoint vc="11552" uspid="336" ordinal="132" path="0" offset="2759" offsetend="2761" sl="336" fileid="5" />
                <BranchPoint vc="53051" uspid="336" ordinal="133" path="1" offset="2759" offsetend="2799" sl="336" fileid="5" />
                <BranchPoint vc="265255" uspid="343" ordinal="139" path="1" offset="2940" offsetend="2809" sl="343" fileid="5" />
                <BranchPoint vc="141051" uspid="345" ordinal="134" path="0" offset="2846" offsetend="2848" sl="345" fileid="5" />
                <BranchPoint vc="124204" uspid="345" ordinal="135" path="1" offset="2846" offsetend="2871" sl="345" fileid="5" />
                <BranchPoint vc="53051" uspid="345" ordinal="136" path="0" offset="2876" offsetend="2878" sl="345" fileid="5" />
                <BranchPoint vc="265255" uspid="345" ordinal="137" path="1" offset="2876" offsetend="2927" sl="345" fileid="5" />
                <BranchPoint vc="53051" uspid="343" ordinal="138" path="0" offset="2940" offsetend="2945" sl="343" fileid="5" />
              </BranchPoints>
              <MethodPoint vc="253" uspid="0" p8:type="SequencePoint" ordinal="5" offset="5" sc="0" sl="75" ec="1" el="353" bec="0" bev="0" fileid="5" xmlns:p8="xsi" />
            </Method>
            <Method cyclomaticComplexity="2" nPathComplexity="0" sequenceCoverage="100" branchCoverage="100" isConstructor="True" isGetter="False" isSetter="False" isStatic="True">
              <Summary numSequencePoints="8" visitedSequencePoints="8" numBranchPoints="2" visitedBranchPoints="2" sequenceCoverage="100" branchCoverage="100" maxCyclomaticComplexity="2" minCyclomaticComplexity="2" visitedClasses="0" numClasses="0" visitedMethods="1" numMethods="1" />
              <MetadataToken />
              <Name>System.Void Poker.Lib.PokerGame::.ctor(System.String[])</Name>
              <FileRef uid="5" />
              <SequencePoints>
                <SequencePoint vc="55013" uspid="18" ordinal="0" sl="18" sc="1" el="18" ec="2" bec="0" bev="0" fileid="5" />
                <SequencePoint vc="55013" uspid="19" ordinal="1" sl="19" sc="1" el="19" ec="2" bec="0" bev="0" fileid="5" />
                <SequencePoint vc="55013" uspid="20" ordinal="2" sl="20" sc="1" el="20" ec="2" bec="0" bev="0" fileid="5" />
                <SequencePoint vc="570156" uspid="21" ordinal="3" sl="21" sc="1" el="21" ec="2" bec="2" bev="2" fileid="5" />
                <SequencePoint vc="230065" uspid="22" ordinal="4" sl="22" sc="1" el="22" ec="2" bec="0" bev="0" fileid="5" />
                <SequencePoint vc="230065" uspid="23" ordinal="5" sl="23" sc="1" el="23" ec="2" bec="0" bev="0" fileid="5" />
                <SequencePoint vc="230065" uspid="24" ordinal="6" sl="24" sc="1" el="24" ec="2" bec="0" bev="0" fileid="5" />
                <SequencePoint vc="55013" uspid="25" ordinal="7" sl="25" sc="1" el="25" ec="2" bec="0" bev="0" fileid="5" />
              </SequencePoints>
              <BranchPoints>
                <BranchPoint vc="230065" uspid="21" ordinal="1" path="1" offset="57" offsetend="27" sl="21" fileid="5" />
                <BranchPoint vc="55013" uspid="21" ordinal="0" path="0" offset="57" offsetend="59" sl="21" fileid="5" />
              </BranchPoints>
              <MethodPoint vc="8" uspid="0" p8:type="SequencePoint" ordinal="6" offset="6" sc="0" sl="18" ec="1" el="25" bec="0" bev="0" fileid="5" xmlns:p8="xsi" />
            </Method>
            <Method cyclomaticComplexity="1" nPathComplexity="0" sequenceCoverage="100" branchCoverage="100" isConstructor="True" isGetter="False" isSetter="False" isStatic="True">
              <Summary numSequencePoints="4" visitedSequencePoints="4" numBranchPoints="0" visitedBranchPoints="0" sequenceCoverage="100" branchCoverage="100" maxCyclomaticComplexity="1" minCyclomaticComplexity="1" visitedClasses="0" numClasses="0" visitedMethods="1" numMethods="1" />
              <MetadataToken />
              <Name>System.Void Poker.Lib.PokerGame::.ctor(Poker.IPlayer[])</Name>
              <FileRef uid="5" />
              <SequencePoints>
                <SequencePoint vc="2" uspid="27" ordinal="0" sl="27" sc="1" el="27" ec="2" bec="0" bev="0" fileid="5" />
                <SequencePoint vc="2" uspid="28" ordinal="1" sl="28" sc="1" el="28" ec="2" bec="0" bev="0" fileid="5" />
                <SequencePoint vc="2" uspid="29" ordinal="2" sl="29" sc="1" el="29" ec="2" bec="0" bev="0" fileid="5" />
                <SequencePoint vc="2" uspid="30" ordinal="3" sl="30" sc="1" el="30" ec="2" bec="0" bev="0" fileid="5" />
              </SequencePoints>
              <BranchPoints />
              <MethodPoint vc="4" uspid="0" p8:type="SequencePoint" ordinal="7" offset="7" sc="0" sl="27" ec="1" el="30" bec="0" bev="0" fileid="5" xmlns:p8="xsi" />
            </Method>
          </Methods>
        </Class>
      </Classes>
    </Module>
  </Modules>
</CoverageSession>